2018-12-29 11:56:11.877  INFO 5312 --- [restartedMain] cn.stylefeng.guns.GunsApplication        : Starting GunsApplication on DESKTOP-CCS0BVH with PID 5312 (D:\IDEA\financial\target\classes started by gz in D:\IDEA\financial)
2018-12-29 11:56:11.884  INFO 5312 --- [restartedMain] cn.stylefeng.guns.GunsApplication        : The following profiles are active: dev
2018-12-29 11:56:11.952  INFO 5312 --- [restartedMain] ConfigServletWebServerApplicationContext : Refreshing org.springframework.boot.web.servlet.context.AnnotationConfigServletWebServerApplicationContext@f80f13f: startup date [Sat Dec 29 11:56:11 CST 2018]; root of context hierarchy
2018-12-29 11:56:15.081  INFO 5312 --- [restartedMain] o.s.b.f.s.DefaultListableBeanFactory     : Overriding bean definition for bean 'codeController' with a different definition: replacing [Generic bean: class [cn.stylefeng.guns.generator.modular.controller.CodeController]; scope=singleton; abstract=false; lazyInit=false; autowireMode=0; dependencyCheck=0; autowireCandidate=true; primary=false; factoryBeanName=null; factoryMethodName=null; initMethodName=null; destroyMethodName=null; defined in URL [jar:file:/C:/Users/gz/.m2/repository/cn/stylefeng/guns/guns-generator/1.0.0/guns-generator-1.0.0.jar!/cn/stylefeng/guns/generator/modular/controller/CodeController.class]] with [Root bean: class [null]; scope=; abstract=false; lazyInit=false; autowireMode=3; dependencyCheck=0; autowireCandidate=true; primary=false; factoryBeanName=cn.stylefeng.guns.generator.config.GeneratorAutoConfiguration; factoryMethodName=codeController; initMethodName=null; destroyMethodName=(inferred); defined in class path resource [cn/stylefeng/guns/generator/config/GeneratorAutoConfiguration.class]]
2018-12-29 11:56:15.083  INFO 5312 --- [restartedMain] o.s.b.f.s.DefaultListableBeanFactory     : Overriding bean definition for bean 'tableService' with a different definition: replacing [Generic bean: class [cn.stylefeng.guns.generator.modular.service.TableService]; scope=singleton; abstract=false; lazyInit=false; autowireMode=0; dependencyCheck=0; autowireCandidate=true; primary=false; factoryBeanName=null; factoryMethodName=null; initMethodName=null; destroyMethodName=null; defined in URL [jar:file:/C:/Users/gz/.m2/repository/cn/stylefeng/guns/guns-generator/1.0.0/guns-generator-1.0.0.jar!/cn/stylefeng/guns/generator/modular/service/TableService.class]] with [Root bean: class [null]; scope=; abstract=false; lazyInit=false; autowireMode=3; dependencyCheck=0; autowireCandidate=true; primary=false; factoryBeanName=cn.stylefeng.guns.generator.config.GeneratorAutoConfiguration; factoryMethodName=tableService; initMethodName=null; destroyMethodName=(inferred); defined in class path resource [cn/stylefeng/guns/generator/config/GeneratorAutoConfiguration.class]]
2018-12-29 11:56:15.412  INFO 5312 --- [restartedMain] trationDelegate$BeanPostProcessorChecker : Bean 'shiroConfig' of type [cn.stylefeng.guns.config.web.ShiroConfig$$EnhancerBySpringCGLIB$$844542d1] is not eligible for getting processed by all BeanPostProcessors (for example: not eligible for auto-proxying)
2018-12-29 11:56:15.479  INFO 5312 --- [restartedMain] trationDelegate$BeanPostProcessorChecker : Bean 'rememberMeCookie' of type [org.apache.shiro.web.servlet.SimpleCookie] is not eligible for getting processed by all BeanPostProcessors (for example: not eligible for auto-proxying)
2018-12-29 11:56:15.948  INFO 5312 --- [restartedMain] trationDelegate$BeanPostProcessorChecker : Bean 'rememberMeManager' of type [org.apache.shiro.web.mgt.CookieRememberMeManager] is not eligible for getting processed by all BeanPostProcessors (for example: not eligible for auto-proxying)
2018-12-29 11:56:15.956  INFO 5312 --- [restartedMain] trationDelegate$BeanPostProcessorChecker : Bean 'ehCacheConfig' of type [cn.stylefeng.guns.config.EhCacheConfig$$EnhancerBySpringCGLIB$$96166559] is not eligible for getting processed by all BeanPostProcessors (for example: not eligible for auto-proxying)
2018-12-29 11:56:15.962  INFO 5312 --- [restartedMain] o.s.c.ehcache.EhCacheManagerFactoryBean  : Initializing EhCache CacheManager
2018-12-29 11:56:16.141  INFO 5312 --- [restartedMain] trationDelegate$BeanPostProcessorChecker : Bean 'ehcache' of type [org.springframework.cache.ehcache.EhCacheManagerFactoryBean] is not eligible for getting processed by all BeanPostProcessors (for example: not eligible for auto-proxying)
2018-12-29 11:56:16.151  INFO 5312 --- [restartedMain] trationDelegate$BeanPostProcessorChecker : Bean 'getCacheShiroManager' of type [org.apache.shiro.cache.ehcache.EhCacheManager] is not eligible for getting processed by all BeanPostProcessors (for example: not eligible for auto-proxying)
2018-12-29 11:56:16.171  INFO 5312 --- [restartedMain] trationDelegate$BeanPostProcessorChecker : Bean 'org.springframework.boot.context.properties.ConversionServiceDeducer$Factory' of type [org.springframework.boot.context.properties.ConversionServiceDeducer$Factory] is not eligible for getting processed by all BeanPostProcessors (for example: not eligible for auto-proxying)
2018-12-29 11:56:16.181  INFO 5312 --- [restartedMain] trationDelegate$BeanPostProcessorChecker : Bean 'gunsProperties' of type [cn.stylefeng.guns.config.properties.GunsProperties] is not eligible for getting processed by all BeanPostProcessors (for example: not eligible for auto-proxying)
2018-12-29 11:56:16.197  INFO 5312 --- [restartedMain] trationDelegate$BeanPostProcessorChecker : Bean 'defaultWebSessionManager' of type [org.apache.shiro.web.session.mgt.DefaultWebSessionManager] is not eligible for getting processed by all BeanPostProcessors (for example: not eligible for auto-proxying)
2018-12-29 11:56:16.226  INFO 5312 --- [restartedMain] trationDelegate$BeanPostProcessorChecker : Bean 'shiroDbRealm' of type [cn.stylefeng.guns.core.shiro.ShiroDbRealm] is not eligible for getting processed by all BeanPostProcessors (for example: not eligible for auto-proxying)
2018-12-29 11:56:16.226  INFO 5312 --- [restartedMain] o.a.shiro.cache.ehcache.EhCacheManager   : Cache with name 'cn.stylefeng.guns.core.shiro.ShiroDbRealm.authorizationCache' does not yet exist.  Creating now.
2018-12-29 11:56:16.231  INFO 5312 --- [restartedMain] o.a.shiro.cache.ehcache.EhCacheManager   : Added EhCache named [cn.stylefeng.guns.core.shiro.ShiroDbRealm.authorizationCache]
2018-12-29 11:56:16.241  INFO 5312 --- [restartedMain] trationDelegate$BeanPostProcessorChecker : Bean 'securityManager' of type [org.apache.shiro.web.mgt.DefaultWebSecurityManager] is not eligible for getting processed by all BeanPostProcessors (for example: not eligible for auto-proxying)
2018-12-29 11:56:16.250  INFO 5312 --- [restartedMain] trationDelegate$BeanPostProcessorChecker : Bean 'methodInvokingFactoryBean' of type [org.springframework.beans.factory.config.MethodInvokingFactoryBean] is not eligible for getting processed by all BeanPostProcessors (for example: not eligible for auto-proxying)
2018-12-29 11:56:16.259  INFO 5312 --- [restartedMain] trationDelegate$BeanPostProcessorChecker : Bean 'webConfig' of type [cn.stylefeng.guns.config.web.WebConfig$$EnhancerBySpringCGLIB$$24eb7694] is not eligible for getting processed by all BeanPostProcessors (for example: not eligible for auto-proxying)
2018-12-29 11:56:16.322  INFO 5312 --- [restartedMain] trationDelegate$BeanPostProcessorChecker : Bean 'authorizationAttributeSourceAdvisor' of type [org.apache.shiro.spring.security.interceptor.AuthorizationAttributeSourceAdvisor] is not eligible for getting processed by all BeanPostProcessors (for example: not eligible for auto-proxying)
2018-12-29 11:56:16.329  INFO 5312 --- [restartedMain] trationDelegate$BeanPostProcessorChecker : Bean 'druidStatPointcut' of type [org.springframework.aop.support.JdkRegexpMethodPointcut] is not eligible for getting processed by all BeanPostProcessors (for example: not eligible for auto-proxying)
2018-12-29 11:56:16.341  INFO 5312 --- [restartedMain] trationDelegate$BeanPostProcessorChecker : Bean 'druidStatInterceptor' of type [com.alibaba.druid.support.spring.stat.DruidStatInterceptor] is not eligible for getting processed by all BeanPostProcessors (for example: not eligible for auto-proxying)
2018-12-29 11:56:16.346  INFO 5312 --- [restartedMain] trationDelegate$BeanPostProcessorChecker : Bean 'druidStatAdvisor' of type [org.springframework.aop.support.DefaultPointcutAdvisor] is not eligible for getting processed by all BeanPostProcessors (for example: not eligible for auto-proxying)
2018-12-29 11:56:16.434  INFO 5312 --- [restartedMain] trationDelegate$BeanPostProcessorChecker : Bean 'org.springframework.cache.annotation.ProxyCachingConfiguration' of type [org.springframework.cache.annotation.ProxyCachingConfiguration$$EnhancerBySpringCGLIB$$3600a0a] is not eligible for getting processed by all BeanPostProcessors (for example: not eligible for auto-proxying)
2018-12-29 11:56:16.719  INFO 5312 --- [restartedMain] trationDelegate$BeanPostProcessorChecker : Bean 'org.springframework.transaction.annotation.ProxyTransactionManagementConfiguration' of type [org.springframework.transaction.annotation.ProxyTransactionManagementConfiguration$$EnhancerBySpringCGLIB$$ba4dd3ec] is not eligible for getting processed by all BeanPostProcessors (for example: not eligible for auto-proxying)
2018-12-29 11:56:17.084 ERROR 5312 --- [restartedMain] o.a.catalina.core.AprLifecycleListener   : An incompatible version [1.1.29] of the APR based Apache Tomcat Native library is installed, while Tomcat requires version [1.2.14]
2018-12-29 11:56:17.247  INFO 5312 --- [restartedMain] o.s.b.w.embedded.tomcat.TomcatWebServer  : Tomcat initialized with port(s): 8888 (http)
2018-12-29 11:56:17.266 ERROR 5312 --- [restartedMain] o.a.catalina.core.AprLifecycleListener   : An incompatible version [1.1.29] of the APR based Apache Tomcat Native library is installed, while Tomcat requires version [1.2.14]
2018-12-29 11:56:17.279  INFO 5312 --- [restartedMain] o.apache.catalina.core.StandardService   : Starting service [Tomcat]
2018-12-29 11:56:17.280  INFO 5312 --- [restartedMain] org.apache.catalina.core.StandardEngine  : Starting Servlet Engine: Apache Tomcat/8.5.29
2018-12-29 11:56:17.284 ERROR 5312 --- [localhost-startStop-1] o.a.catalina.core.AprLifecycleListener   : An incompatible version [1.1.29] of the APR based Apache Tomcat Native library is installed, while Tomcat requires version [1.2.14]
2018-12-29 11:56:17.418  INFO 5312 --- [localhost-startStop-1] o.a.c.c.C.[.[localhost].[/financial]     : Initializing Spring embedded WebApplicationContext
2018-12-29 11:56:17.418  INFO 5312 --- [localhost-startStop-1] o.s.web.context.ContextLoader            : Root WebApplicationContext: initialization completed in 5467 ms
2018-12-29 11:56:17.851  INFO 5312 --- [localhost-startStop-1] o.s.b.w.servlet.ServletRegistrationBean  : Servlet statViewServlet mapped to [/druid/*]
2018-12-29 11:56:17.852  INFO 5312 --- [localhost-startStop-1] o.s.b.w.servlet.ServletRegistrationBean  : Servlet dispatcherServlet mapped to [/]
2018-12-29 11:56:17.855  INFO 5312 --- [localhost-startStop-1] o.s.b.w.servlet.FilterRegistrationBean   : Mapping filter: 'characterEncodingFilter' to: [/*]
2018-12-29 11:56:17.856  INFO 5312 --- [localhost-startStop-1] o.s.b.w.servlet.FilterRegistrationBean   : Mapping filter: 'hiddenHttpMethodFilter' to: [/*]
2018-12-29 11:56:17.856  INFO 5312 --- [localhost-startStop-1] o.s.b.w.servlet.FilterRegistrationBean   : Mapping filter: 'httpPutFormContentFilter' to: [/*]
2018-12-29 11:56:17.856  INFO 5312 --- [localhost-startStop-1] o.s.b.w.servlet.FilterRegistrationBean   : Mapping filter: 'requestContextFilter' to: [/*]
2018-12-29 11:56:17.856  INFO 5312 --- [localhost-startStop-1] o.s.b.w.servlet.FilterRegistrationBean   : Mapping filter: 'webStatFilter' to urls: [/*]
2018-12-29 11:56:17.857  INFO 5312 --- [localhost-startStop-1] o.s.b.w.servlet.FilterRegistrationBean   : Mapping filter: 'xssFilter' to urls: [/*]
2018-12-29 11:56:17.857  INFO 5312 --- [localhost-startStop-1] o.s.b.w.servlet.FilterRegistrationBean   : Mapping filter: 'shiroFilter' to: [/*]
2018-12-29 11:56:20.979  INFO 5312 --- [restartedMain] com.alibaba.druid.pool.DruidDataSource   : {dataSource-1} inited
2018-12-29 11:56:21.513  WARN 5312 --- [restartedMain] c.b.mybatisplus.mapper.AutoSqlInjector   : class cn.stylefeng.guns.modular.finance.model.OaDataSource ,Not found @TableId annotation, Cannot use Mybatis-Plus 'xxById' Method.
2018-12-29 11:56:23.766  INFO 5312 --- [restartedMain] s.w.s.m.m.a.RequestMappingHandlerMapping : Mapped "{[/global/sessionError]}" onto public java.lang.String cn.stylefeng.guns.core.common.controller.GlobalController.errorPageInfo(org.springframework.ui.Model)
2018-12-29 11:56:23.767  INFO 5312 --- [restartedMain] s.w.s.m.m.a.RequestMappingHandlerMapping : Mapped "{[/global/error]}" onto public java.lang.String cn.stylefeng.guns.core.common.controller.GlobalController.errorPage()
2018-12-29 11:56:23.768  INFO 5312 --- [restartedMain] s.w.s.m.m.a.RequestMappingHandlerMapping : Mapped "{[/gunsApi/test],methods=[POST]}" onto public java.lang.Object cn.stylefeng.guns.modular.api.ApiController.test()
2018-12-29 11:56:23.768  INFO 5312 --- [restartedMain] s.w.s.m.m.a.RequestMappingHandlerMapping : Mapped "{[/gunsApi/auth]}" onto public java.lang.Object cn.stylefeng.guns.modular.api.ApiController.auth(java.lang.String,java.lang.String)
2018-12-29 11:56:23.773  INFO 5312 --- [restartedMain] s.w.s.m.m.a.RequestMappingHandlerMapping : Mapped "{[/auditpermissions]}" onto public java.lang.String cn.stylefeng.guns.modular.finance.controller.AuditpermissionsController.index()
2018-12-29 11:56:23.774  INFO 5312 --- [restartedMain] s.w.s.m.m.a.RequestMappingHandlerMapping : Mapped "{[/auditpermissions/add]}" onto public java.lang.Object cn.stylefeng.guns.modular.finance.controller.AuditpermissionsController.add(cn.stylefeng.guns.modular.finance.model.Auditpermissions)
2018-12-29 11:56:23.774  INFO 5312 --- [restartedMain] s.w.s.m.m.a.RequestMappingHandlerMapping : Mapped "{[/auditpermissions/update]}" onto public java.lang.Object cn.stylefeng.guns.modular.finance.controller.AuditpermissionsController.update(cn.stylefeng.guns.modular.finance.model.Auditpermissions)
2018-12-29 11:56:23.774  INFO 5312 --- [restartedMain] s.w.s.m.m.a.RequestMappingHandlerMapping : Mapped "{[/auditpermissions/delete]}" onto public java.lang.Object cn.stylefeng.guns.modular.finance.controller.AuditpermissionsController.delete(java.lang.Integer)
2018-12-29 11:56:23.775  INFO 5312 --- [restartedMain] s.w.s.m.m.a.RequestMappingHandlerMapping : Mapped "{[/auditpermissions/list]}" onto public java.lang.Object cn.stylefeng.guns.modular.finance.controller.AuditpermissionsController.list(java.lang.String)
2018-12-29 11:56:23.775  INFO 5312 --- [restartedMain] s.w.s.m.m.a.RequestMappingHandlerMapping : Mapped "{[/auditpermissions/detail/{auditpermissionsId}]}" onto public java.lang.Object cn.stylefeng.guns.modular.finance.controller.AuditpermissionsController.detail(java.lang.Integer)
2018-12-29 11:56:23.775  INFO 5312 --- [restartedMain] s.w.s.m.m.a.RequestMappingHandlerMapping : Mapped "{[/auditpermissions/auditPosting/update]}" onto public java.lang.Object cn.stylefeng.guns.modular.finance.controller.AuditpermissionsController.auditPostingUpdate(cn.stylefeng.guns.modular.finance.model.Auditpermissions)
2018-12-29 11:56:23.776  INFO 5312 --- [restartedMain] s.w.s.m.m.a.RequestMappingHandlerMapping : Mapped "{[/auditpermissions/auditPosting/AuditPosting_update/{auditpermissionsId}]}" onto public java.lang.String cn.stylefeng.guns.modular.finance.controller.AuditpermissionsController.auditPostingUpdate(java.lang.Integer,org.springframework.ui.Model)
2018-12-29 11:56:23.776  INFO 5312 --- [restartedMain] s.w.s.m.m.a.RequestMappingHandlerMapping : Mapped "{[/auditpermissions/auditpermissions_add]}" onto public java.lang.String cn.stylefeng.guns.modular.finance.controller.AuditpermissionsController.auditpermissionsAdd()
2018-12-29 11:56:23.776  INFO 5312 --- [restartedMain] s.w.s.m.m.a.RequestMappingHandlerMapping : Mapped "{[/auditpermissions/auditPosting/AuditPosting_add]}" onto public java.lang.String cn.stylefeng.guns.modular.finance.controller.AuditpermissionsController.auditPostingAuditPosting_add()
2018-12-29 11:56:23.776  INFO 5312 --- [restartedMain] s.w.s.m.m.a.RequestMappingHandlerMapping : Mapped "{[/auditpermissions/auditpermissions_update/{auditpermissionsId}]}" onto public java.lang.String cn.stylefeng.guns.modular.finance.controller.AuditpermissionsController.auditpermissionsUpdate(java.lang.Integer,org.springframework.ui.Model)
2018-12-29 11:56:23.777  INFO 5312 --- [restartedMain] s.w.s.m.m.a.RequestMappingHandlerMapping : Mapped "{[/auditpermissions/auditPosting/delete]}" onto public java.lang.Object cn.stylefeng.guns.modular.finance.controller.AuditpermissionsController.auditPostingDelete(java.lang.Integer)
2018-12-29 11:56:23.777  INFO 5312 --- [restartedMain] s.w.s.m.m.a.RequestMappingHandlerMapping : Mapped "{[/auditpermissions/auditPosting]}" onto public java.lang.String cn.stylefeng.guns.modular.finance.controller.AuditpermissionsController.auditPostingIndex()
2018-12-29 11:56:23.777  INFO 5312 --- [restartedMain] s.w.s.m.m.a.RequestMappingHandlerMapping : Mapped "{[/auditpermissions/auditPosting/list]}" onto public java.lang.Object cn.stylefeng.guns.modular.finance.controller.AuditpermissionsController.auditPostingList(java.lang.String)
2018-12-29 11:56:23.777  INFO 5312 --- [restartedMain] s.w.s.m.m.a.RequestMappingHandlerMapping : Mapped "{[/auditpermissions/prepared_by_list]}" onto public java.lang.Object cn.stylefeng.guns.modular.finance.controller.AuditpermissionsController.prepared_by_list()
2018-12-29 11:56:23.778  INFO 5312 --- [restartedMain] s.w.s.m.m.a.RequestMappingHandlerMapping : Mapped "{[/auditpermissions/auditPosting/add]}" onto public java.lang.Object cn.stylefeng.guns.modular.finance.controller.AuditpermissionsController.auditPostingAdd(cn.stylefeng.guns.modular.finance.model.Auditpermissions)
2018-12-29 11:56:23.779  INFO 5312 --- [restartedMain] s.w.s.m.m.a.RequestMappingHandlerMapping : Mapped "{[/entryGlm]}" onto public java.lang.String cn.stylefeng.guns.modular.finance.controller.EntryAddController.index()
2018-12-29 11:56:23.779  INFO 5312 --- [restartedMain] s.w.s.m.m.a.RequestMappingHandlerMapping : Mapped "{[/entryGlm/add]}" onto public java.lang.Object cn.stylefeng.guns.modular.finance.controller.EntryAddController.add(java.lang.String)
2018-12-29 11:56:23.779  INFO 5312 --- [restartedMain] s.w.s.m.m.a.RequestMappingHandlerMapping : Mapped "{[/entryGlm/update]}" onto public java.lang.Object cn.stylefeng.guns.modular.finance.controller.EntryAddController.update(java.lang.String,java.lang.String,java.lang.String)
2018-12-29 11:56:23.780  INFO 5312 --- [restartedMain] s.w.s.m.m.a.RequestMappingHandlerMapping : Mapped "{[/entryGlm/list]}" onto public java.lang.Object cn.stylefeng.guns.modular.finance.controller.EntryAddController.list(java.lang.String)
2018-12-29 11:56:23.780  INFO 5312 --- [restartedMain] s.w.s.m.m.a.RequestMappingHandlerMapping : Mapped "{[/entryGlm/entry_update/{Id}]}" onto public java.lang.String cn.stylefeng.guns.modular.finance.controller.EntryAddController.entryUpdate(java.lang.Integer,org.springframework.ui.Model)
2018-12-29 11:56:23.780  INFO 5312 --- [restartedMain] s.w.s.m.m.a.RequestMappingHandlerMapping : Mapped "{[/entryGlm/entry_view/{Id}]}" onto public java.lang.String cn.stylefeng.guns.modular.finance.controller.EntryAddController.entry_view(java.lang.Integer,org.springframework.ui.Model)
2018-12-29 11:56:23.780  INFO 5312 --- [restartedMain] s.w.s.m.m.a.RequestMappingHandlerMapping : Mapped "{[/entryGlm/otherAccounting]}" onto public java.lang.Object cn.stylefeng.guns.modular.finance.controller.EntryAddController.otherAccounting()
2018-12-29 11:56:23.780  INFO 5312 --- [restartedMain] s.w.s.m.m.a.RequestMappingHandlerMapping : Mapped "{[/entryGlm/documentChange/{value}]}" onto public java.lang.Object cn.stylefeng.guns.modular.finance.controller.EntryAddController.documentChange(java.lang.Integer)
2018-12-29 11:56:23.781  INFO 5312 --- [restartedMain] s.w.s.m.m.a.RequestMappingHandlerMapping : Mapped "{[/entryGlm/profitLoss]}" onto public java.lang.Object cn.stylefeng.guns.modular.finance.controller.EntryAddController.profitLoss(java.lang.String)
2018-12-29 11:56:23.781  INFO 5312 --- [restartedMain] s.w.s.m.m.a.RequestMappingHandlerMapping : Mapped "{[/entryGlm/entry_add]}" onto public java.lang.String cn.stylefeng.guns.modular.finance.controller.EntryAddController.entryAdd(org.springframework.ui.Model)
2018-12-29 11:56:23.781  INFO 5312 --- [restartedMain] s.w.s.m.m.a.RequestMappingHandlerMapping : Mapped "{[/entryGlm/carryOver]}" onto public java.lang.String cn.stylefeng.guns.modular.finance.controller.EntryAddController.carryOver(org.springframework.ui.Model)
2018-12-29 11:56:23.783  INFO 5312 --- [restartedMain] s.w.s.m.m.a.RequestMappingHandlerMapping : Mapped "{[/entry]}" onto public java.lang.String cn.stylefeng.guns.modular.finance.controller.EntryController.index()
2018-12-29 11:56:23.783  INFO 5312 --- [restartedMain] s.w.s.m.m.a.RequestMappingHandlerMapping : Mapped "{[/entry/add]}" onto public java.lang.Object cn.stylefeng.guns.modular.finance.controller.EntryController.add(cn.stylefeng.guns.modular.finance.model.Entry)
2018-12-29 11:56:23.783  INFO 5312 --- [restartedMain] s.w.s.m.m.a.RequestMappingHandlerMapping : Mapped "{[/entry/update]}" onto public java.lang.Object cn.stylefeng.guns.modular.finance.controller.EntryController.update(cn.stylefeng.guns.modular.finance.model.Entry)
2018-12-29 11:56:23.784  INFO 5312 --- [restartedMain] s.w.s.m.m.a.RequestMappingHandlerMapping : Mapped "{[/entry/delete]}" onto public java.lang.Object cn.stylefeng.guns.modular.finance.controller.EntryController.delete(java.lang.String[])
2018-12-29 11:56:23.784  INFO 5312 --- [restartedMain] s.w.s.m.m.a.RequestMappingHandlerMapping : Mapped "{[/entry/list]}" onto public java.lang.Object cn.stylefeng.guns.modular.finance.controller.EntryController.list(java.util.Map<java.lang.String, java.lang.Object>)
2018-12-29 11:56:23.784  INFO 5312 --- [restartedMain] s.w.s.m.m.a.RequestMappingHandlerMapping : Mapped "{[/entry/search]}" onto public java.lang.String cn.stylefeng.guns.modular.finance.controller.EntryController.search(org.springframework.ui.Model)
2018-12-29 11:56:23.784  INFO 5312 --- [restartedMain] s.w.s.m.m.a.RequestMappingHandlerMapping : Mapped "{[/entry/detail/{entryId}]}" onto public java.lang.Object cn.stylefeng.guns.modular.finance.controller.EntryController.detail(java.lang.Integer)
2018-12-29 11:56:23.784  INFO 5312 --- [restartedMain] s.w.s.m.m.a.RequestMappingHandlerMapping : Mapped "{[/entry/getUser]}" onto public java.util.List<cn.stylefeng.guns.modular.system.model.User> cn.stylefeng.guns.modular.finance.controller.EntryController.getUser()
2018-12-29 11:56:23.785  INFO 5312 --- [restartedMain] s.w.s.m.m.a.RequestMappingHandlerMapping : Mapped "{[/entry/entry_update/{entryId}]}" onto public java.lang.String cn.stylefeng.guns.modular.finance.controller.EntryController.entryUpdate(java.lang.Integer,org.springframework.ui.Model)
2018-12-29 11:56:23.785  INFO 5312 --- [restartedMain] s.w.s.m.m.a.RequestMappingHandlerMapping : Mapped "{[/entry/entry_add]}" onto public java.lang.String cn.stylefeng.guns.modular.finance.controller.EntryController.entryAdd()
2018-12-29 11:56:23.785  INFO 5312 --- [restartedMain] s.w.s.m.m.a.RequestMappingHandlerMapping : Mapped "{[/entry/entry_subject]}" onto public java.lang.String cn.stylefeng.guns.modular.finance.controller.EntryController.entry_subject()
2018-12-29 11:56:23.785  INFO 5312 --- [restartedMain] s.w.s.m.m.a.RequestMappingHandlerMapping : Mapped "{[/entry/reverseApproval]}" onto public java.lang.Object cn.stylefeng.guns.modular.finance.controller.EntryController.reverseApproval(java.lang.String[])
2018-12-29 11:56:23.785  INFO 5312 --- [restartedMain] s.w.s.m.m.a.RequestMappingHandlerMapping : Mapped "{[/entry/deleteSearch]}" onto public java.lang.Object cn.stylefeng.guns.modular.finance.controller.EntryController.deleteSearch(java.lang.String)
2018-12-29 11:56:23.785  INFO 5312 --- [restartedMain] s.w.s.m.m.a.RequestMappingHandlerMapping : Mapped "{[/entry/statistical]}" onto public java.lang.Object cn.stylefeng.guns.modular.finance.controller.EntryController.statisticalList(java.util.Map<java.lang.String, java.lang.Object>)
2018-12-29 11:56:23.786  INFO 5312 --- [restartedMain] s.w.s.m.m.a.RequestMappingHandlerMapping : Mapped "{[/entry/saveSearch]}" onto public java.lang.Object cn.stylefeng.guns.modular.finance.controller.EntryController.saveSearch(java.util.Map<java.lang.String, java.lang.Object>)
2018-12-29 11:56:23.786  INFO 5312 --- [restartedMain] s.w.s.m.m.a.RequestMappingHandlerMapping : Mapped "{[/entry/approval]}" onto public java.lang.Object cn.stylefeng.guns.modular.finance.controller.EntryController.approval(java.lang.String[])
2018-12-29 11:56:23.786  INFO 5312 --- [restartedMain] s.w.s.m.m.a.RequestMappingHandlerMapping : Mapped "{[/entry/searchPlan]}" onto public java.lang.Object cn.stylefeng.guns.modular.finance.controller.EntryController.searchPlan(java.util.Map<java.lang.String, java.lang.Object>)
2018-12-29 11:56:23.786  INFO 5312 --- [restartedMain] s.w.s.m.m.a.RequestMappingHandlerMapping : Mapped "{[/entry/checkout]}" onto public java.lang.String cn.stylefeng.guns.modular.finance.controller.EntryController.checkout()
2018-12-29 11:56:23.787  INFO 5312 --- [restartedMain] s.w.s.m.m.a.RequestMappingHandlerMapping : Mapped "{[/entry/checkoutFunction]}" onto public java.lang.Object cn.stylefeng.guns.modular.finance.controller.EntryController.checkoutFunction(java.lang.String,java.lang.String)
2018-12-29 11:56:23.787  INFO 5312 --- [restartedMain] s.w.s.m.m.a.RequestMappingHandlerMapping : Mapped "{[/entry/statisticalPage]}" onto public java.lang.String cn.stylefeng.guns.modular.finance.controller.EntryController.statisticalPage()
2018-12-29 11:56:23.788  INFO 5312 --- [restartedMain] s.w.s.m.m.a.RequestMappingHandlerMapping : Mapped "{[/posting]}" onto public java.lang.String cn.stylefeng.guns.modular.finance.controller.EntryPostingController.index()
2018-12-29 11:56:23.788  INFO 5312 --- [restartedMain] s.w.s.m.m.a.RequestMappingHandlerMapping : Mapped "{[/posting/list]}" onto public java.lang.Object cn.stylefeng.guns.modular.finance.controller.EntryPostingController.list(java.util.Map<java.lang.String, java.lang.Object>)
2018-12-29 11:56:23.788  INFO 5312 --- [restartedMain] s.w.s.m.m.a.RequestMappingHandlerMapping : Mapped "{[/posting/posting]}" onto public java.lang.Object cn.stylefeng.guns.modular.finance.controller.EntryPostingController.posting(java.lang.String[])
2018-12-29 11:56:23.790  INFO 5312 --- [restartedMain] s.w.s.m.m.a.RequestMappingHandlerMapping : Mapped "{[/expenseAccount]}" onto public java.lang.String cn.stylefeng.guns.modular.finance.controller.ExpenseAccountController.index()
2018-12-29 11:56:23.790  INFO 5312 --- [restartedMain] s.w.s.m.m.a.RequestMappingHandlerMapping : Mapped "{[/expenseAccount/add]}" onto public java.lang.Object cn.stylefeng.guns.modular.finance.controller.ExpenseAccountController.add(cn.stylefeng.guns.modular.finance.model.ExpenseAccount)
2018-12-29 11:56:23.790  INFO 5312 --- [restartedMain] s.w.s.m.m.a.RequestMappingHandlerMapping : Mapped "{[/expenseAccount/update]}" onto public java.lang.Object cn.stylefeng.guns.modular.finance.controller.ExpenseAccountController.update(cn.stylefeng.guns.modular.finance.model.ExpenseAccount)
2018-12-29 11:56:23.790  INFO 5312 --- [restartedMain] s.w.s.m.m.a.RequestMappingHandlerMapping : Mapped "{[/expenseAccount/delete]}" onto public java.lang.Object cn.stylefeng.guns.modular.finance.controller.ExpenseAccountController.delete(java.lang.Integer)
2018-12-29 11:56:23.791  INFO 5312 --- [restartedMain] s.w.s.m.m.a.RequestMappingHandlerMapping : Mapped "{[/expenseAccount/list]}" onto public java.lang.Object cn.stylefeng.guns.modular.finance.controller.ExpenseAccountController.list(java.lang.String,java.lang.String,java.lang.Integer)
2018-12-29 11:56:23.791  INFO 5312 --- [restartedMain] s.w.s.m.m.a.RequestMappingHandlerMapping : Mapped "{[/expenseAccount/tree/{pId}]}" onto public java.util.List<cn.stylefeng.guns.core.common.node.SubjectNode> cn.stylefeng.guns.modular.finance.controller.ExpenseAccountController.tree(java.lang.String)
2018-12-29 11:56:23.791  INFO 5312 --- [restartedMain] s.w.s.m.m.a.RequestMappingHandlerMapping : Mapped "{[/expenseAccount/detail/{expenseAccountId}]}" onto public java.lang.Object cn.stylefeng.guns.modular.finance.controller.ExpenseAccountController.detail(java.lang.Integer)
2018-12-29 11:56:23.791  INFO 5312 --- [restartedMain] s.w.s.m.m.a.RequestMappingHandlerMapping : Mapped "{[/expenseAccount/expenseAccount_add/{expenseAccountId}]}" onto public java.lang.String cn.stylefeng.guns.modular.finance.controller.ExpenseAccountController.expenseAccountAdd(java.lang.Integer,org.springframework.ui.Model)
2018-12-29 11:56:23.792  INFO 5312 --- [restartedMain] s.w.s.m.m.a.RequestMappingHandlerMapping : Mapped "{[/expenseAccount/expenseAccount_update/{expenseAccountId}]}" onto public java.lang.String cn.stylefeng.guns.modular.finance.controller.ExpenseAccountController.expenseAccountUpdate(java.lang.Integer,org.springframework.ui.Model)
2018-12-29 11:56:23.792  INFO 5312 --- [restartedMain] s.w.s.m.m.a.RequestMappingHandlerMapping : Mapped "{[/expenseAccount/expenseAccount_subject]}" onto public java.lang.String cn.stylefeng.guns.modular.finance.controller.ExpenseAccountController.entry_subject()
2018-12-29 11:56:23.792  INFO 5312 --- [restartedMain] s.w.s.m.m.a.RequestMappingHandlerMapping : Mapped "{[/expenseAccount/treeEa]}" onto public java.util.List<cn.stylefeng.guns.core.common.node.ZTreeNode> cn.stylefeng.guns.modular.finance.controller.ExpenseAccountController.treeEa()
2018-12-29 11:56:23.793  INFO 5312 --- [restartedMain] s.w.s.m.m.a.RequestMappingHandlerMapping : Mapped "{[/oaData/gainCompany]}" onto public java.lang.Object cn.stylefeng.guns.modular.finance.controller.OaDataSourceController.gainCompany(java.lang.String)
2018-12-29 11:56:23.793  INFO 5312 --- [restartedMain] s.w.s.m.m.a.RequestMappingHandlerMapping : Mapped "{[/oaData/gainClerk]}" onto public java.lang.Object cn.stylefeng.guns.modular.finance.controller.OaDataSourceController.gainClerk(java.lang.String)
2018-12-29 11:56:23.793  INFO 5312 --- [restartedMain] s.w.s.m.m.a.RequestMappingHandlerMapping : Mapped "{[/oaData/gainDepartment]}" onto public java.lang.Object cn.stylefeng.guns.modular.finance.controller.OaDataSourceController.gainDepartment(java.lang.String)
2018-12-29 11:56:23.794  INFO 5312 --- [restartedMain] s.w.s.m.m.a.RequestMappingHandlerMapping : Mapped "{[/blackboard]}" onto public java.lang.String cn.stylefeng.guns.modular.system.controller.BlackboardController.blackboard(org.springframework.ui.Model)
2018-12-29 11:56:23.795  INFO 5312 --- [restartedMain] s.w.s.m.m.a.RequestMappingHandlerMapping : Mapped "{[/dept]}" onto public java.lang.String cn.stylefeng.guns.modular.system.controller.DeptController.index()
2018-12-29 11:56:23.795  INFO 5312 --- [restartedMain] s.w.s.m.m.a.RequestMappingHandlerMapping : Mapped "{[/dept/add]}" onto public java.lang.Object cn.stylefeng.guns.modular.system.controller.DeptController.add(cn.stylefeng.guns.modular.system.model.Dept)
2018-12-29 11:56:23.796  INFO 5312 --- [restartedMain] s.w.s.m.m.a.RequestMappingHandlerMapping : Mapped "{[/dept/update]}" onto public java.lang.Object cn.stylefeng.guns.modular.system.controller.DeptController.update(cn.stylefeng.guns.modular.system.model.Dept)
2018-12-29 11:56:23.796  INFO 5312 --- [restartedMain] s.w.s.m.m.a.RequestMappingHandlerMapping : Mapped "{[/dept/delete]}" onto public java.lang.Object cn.stylefeng.guns.modular.system.controller.DeptController.delete(java.lang.Integer)
2018-12-29 11:56:23.796  INFO 5312 --- [restartedMain] s.w.s.m.m.a.RequestMappingHandlerMapping : Mapped "{[/dept/list]}" onto public java.lang.Object cn.stylefeng.guns.modular.system.controller.DeptController.list(java.lang.String)
2018-12-29 11:56:23.796  INFO 5312 --- [restartedMain] s.w.s.m.m.a.RequestMappingHandlerMapping : Mapped "{[/dept/tree]}" onto public java.util.List<cn.stylefeng.guns.core.common.node.ZTreeNode> cn.stylefeng.guns.modular.system.controller.DeptController.tree()
2018-12-29 11:56:23.796  INFO 5312 --- [restartedMain] s.w.s.m.m.a.RequestMappingHandlerMapping : Mapped "{[/dept/detail/{deptId}]}" onto public java.lang.Object cn.stylefeng.guns.modular.system.controller.DeptController.detail(java.lang.Integer)
2018-12-29 11:56:23.797  INFO 5312 --- [restartedMain] s.w.s.m.m.a.RequestMappingHandlerMapping : Mapped "{[/dept/dept_add]}" onto public java.lang.String cn.stylefeng.guns.modular.system.controller.DeptController.deptAdd()
2018-12-29 11:56:23.797  INFO 5312 --- [restartedMain] s.w.s.m.m.a.RequestMappingHandlerMapping : Mapped "{[/dept/dept_update/{deptId}]}" onto public java.lang.String cn.stylefeng.guns.modular.system.controller.DeptController.deptUpdate(java.lang.Integer,org.springframework.ui.Model)
2018-12-29 11:56:23.798  INFO 5312 --- [restartedMain] s.w.s.m.m.a.RequestMappingHandlerMapping : Mapped "{[/dict]}" onto public java.lang.String cn.stylefeng.guns.modular.system.controller.DictController.index()
2018-12-29 11:56:23.798  INFO 5312 --- [restartedMain] s.w.s.m.m.a.RequestMappingHandlerMapping : Mapped "{[/dict/add]}" onto public java.lang.Object cn.stylefeng.guns.modular.system.controller.DictController.add(java.lang.String,java.lang.String,java.lang.String,java.lang.String)
2018-12-29 11:56:23.799  INFO 5312 --- [restartedMain] s.w.s.m.m.a.RequestMappingHandlerMapping : Mapped "{[/dict/update]}" onto public java.lang.Object cn.stylefeng.guns.modular.system.controller.DictController.update(java.lang.Integer,java.lang.String,java.lang.String,java.lang.String,java.lang.String)
2018-12-29 11:56:23.799  INFO 5312 --- [restartedMain] s.w.s.m.m.a.RequestMappingHandlerMapping : Mapped "{[/dict/delete]}" onto public java.lang.Object cn.stylefeng.guns.modular.system.controller.DictController.delete(java.lang.Integer)
2018-12-29 11:56:23.799  INFO 5312 --- [restartedMain] s.w.s.m.m.a.RequestMappingHandlerMapping : Mapped "{[/dict/list]}" onto public java.lang.Object cn.stylefeng.guns.modular.system.controller.DictController.list(java.lang.String)
2018-12-29 11:56:23.799  INFO 5312 --- [restartedMain] s.w.s.m.m.a.RequestMappingHandlerMapping : Mapped "{[/dict/detail/{dictId}]}" onto public java.lang.Object cn.stylefeng.guns.modular.system.controller.DictController.detail(java.lang.Integer)
2018-12-29 11:56:23.800  INFO 5312 --- [restartedMain] s.w.s.m.m.a.RequestMappingHandlerMapping : Mapped "{[/dict/dict_add]}" onto public java.lang.String cn.stylefeng.guns.modular.system.controller.DictController.deptAdd()
2018-12-29 11:56:23.800  INFO 5312 --- [restartedMain] s.w.s.m.m.a.RequestMappingHandlerMapping : Mapped "{[/dict/dict_edit/{dictId}]}" onto public java.lang.String cn.stylefeng.guns.modular.system.controller.DictController.deptUpdate(java.lang.Integer,org.springframework.ui.Model)
2018-12-29 11:56:23.800  INFO 5312 --- [restartedMain] s.w.s.m.m.a.RequestMappingHandlerMapping : Mapped "{[/kaptcha]}" onto public void cn.stylefeng.guns.modular.system.controller.KaptchaController.index(javax.servlet.http.HttpServletRequest,javax.servlet.http.HttpServletResponse)
2018-12-29 11:56:23.801  INFO 5312 --- [restartedMain] s.w.s.m.m.a.RequestMappingHandlerMapping : Mapped "{[/kaptcha/{pictureId}]}" onto public void cn.stylefeng.guns.modular.system.controller.KaptchaController.renderPicture(java.lang.String,javax.servlet.http.HttpServletResponse)
2018-12-29 11:56:23.801  INFO 5312 --- [restartedMain] s.w.s.m.m.a.RequestMappingHandlerMapping : Mapped "{[/log]}" onto public java.lang.String cn.stylefeng.guns.modular.system.controller.LogController.index()
2018-12-29 11:56:23.801  INFO 5312 --- [restartedMain] s.w.s.m.m.a.RequestMappingHandlerMapping : Mapped "{[/log/list]}" onto public java.lang.Object cn.stylefeng.guns.modular.system.controller.LogController.list(java.lang.String,java.lang.String,java.lang.String,java.lang.Integer)
2018-12-29 11:56:23.801  INFO 5312 --- [restartedMain] s.w.s.m.m.a.RequestMappingHandlerMapping : Mapped "{[/log/detail/{id}]}" onto public java.lang.Object cn.stylefeng.guns.modular.system.controller.LogController.detail(java.lang.Integer)
2018-12-29 11:56:23.802  INFO 5312 --- [restartedMain] s.w.s.m.m.a.RequestMappingHandlerMapping : Mapped "{[/log/delLog]}" onto public java.lang.Object cn.stylefeng.guns.modular.system.controller.LogController.delLog()
2018-12-29 11:56:23.802  INFO 5312 --- [restartedMain] s.w.s.m.m.a.RequestMappingHandlerMapping : Mapped "{[/],methods=[GET]}" onto public java.lang.String cn.stylefeng.guns.modular.system.controller.LoginController.index(org.springframework.ui.Model)
2018-12-29 11:56:23.802  INFO 5312 --- [restartedMain] s.w.s.m.m.a.RequestMappingHandlerMapping : Mapped "{[/logout],methods=[GET]}" onto public java.lang.String cn.stylefeng.guns.modular.system.controller.LoginController.logOut()
2018-12-29 11:56:23.802  INFO 5312 --- [restartedMain] s.w.s.m.m.a.RequestMappingHandlerMapping : Mapped "{[/login],methods=[POST]}" onto public java.lang.String cn.stylefeng.guns.modular.system.controller.LoginController.loginVali()
2018-12-29 11:56:23.802  INFO 5312 --- [restartedMain] s.w.s.m.m.a.RequestMappingHandlerMapping : Mapped "{[/login],methods=[GET]}" onto public java.lang.String cn.stylefeng.guns.modular.system.controller.LoginController.login()
2018-12-29 11:56:23.803  INFO 5312 --- [restartedMain] s.w.s.m.m.a.RequestMappingHandlerMapping : Mapped "{[/loginLog]}" onto public java.lang.String cn.stylefeng.guns.modular.system.controller.LoginLogController.index()
2018-12-29 11:56:23.803  INFO 5312 --- [restartedMain] s.w.s.m.m.a.RequestMappingHandlerMapping : Mapped "{[/loginLog/list]}" onto public java.lang.Object cn.stylefeng.guns.modular.system.controller.LoginLogController.list(java.lang.String,java.lang.String,java.lang.String)
2018-12-29 11:56:23.803  INFO 5312 --- [restartedMain] s.w.s.m.m.a.RequestMappingHandlerMapping : Mapped "{[/loginLog/delLoginLog]}" onto public java.lang.Object cn.stylefeng.guns.modular.system.controller.LoginLogController.delLog()
2018-12-29 11:56:23.805  INFO 5312 --- [restartedMain] s.w.s.m.m.a.RequestMappingHandlerMapping : Mapped "{[/menu]}" onto public java.lang.String cn.stylefeng.guns.modular.system.controller.MenuController.index()
2018-12-29 11:56:23.805  INFO 5312 --- [restartedMain] s.w.s.m.m.a.RequestMappingHandlerMapping : Mapped "{[/menu/add]}" onto public cn.stylefeng.roses.core.reqres.response.ResponseData cn.stylefeng.guns.modular.system.controller.MenuController.add(cn.stylefeng.guns.modular.system.model.Menu,org.springframework.validation.BindingResult)
2018-12-29 11:56:23.805  INFO 5312 --- [restartedMain] s.w.s.m.m.a.RequestMappingHandlerMapping : Mapped "{[/menu/remove]}" onto public cn.stylefeng.roses.core.reqres.response.ResponseData cn.stylefeng.guns.modular.system.controller.MenuController.remove(java.lang.Long)
2018-12-29 11:56:23.805  INFO 5312 --- [restartedMain] s.w.s.m.m.a.RequestMappingHandlerMapping : Mapped "{[/menu/list]}" onto public java.lang.Object cn.stylefeng.guns.modular.system.controller.MenuController.list(java.lang.String,java.lang.String)
2018-12-29 11:56:23.805  INFO 5312 --- [restartedMain] s.w.s.m.m.a.RequestMappingHandlerMapping : Mapped "{[/menu/menuTreeListByRoleId/{roleId}]}" onto public java.util.List<cn.stylefeng.guns.core.common.node.ZTreeNode> cn.stylefeng.guns.modular.system.controller.MenuController.menuTreeListByRoleId(java.lang.Integer)
2018-12-29 11:56:23.806  INFO 5312 --- [restartedMain] s.w.s.m.m.a.RequestMappingHandlerMapping : Mapped "{[/menu/selectMenuTreeList]}" onto public java.util.List<cn.stylefeng.guns.core.common.node.ZTreeNode> cn.stylefeng.guns.modular.system.controller.MenuController.selectMenuTreeList()
2018-12-29 11:56:23.806  INFO 5312 --- [restartedMain] s.w.s.m.m.a.RequestMappingHandlerMapping : Mapped "{[/menu/edit]}" onto public cn.stylefeng.roses.core.reqres.response.ResponseData cn.stylefeng.guns.modular.system.controller.MenuController.edit(cn.stylefeng.guns.modular.system.model.Menu,org.springframework.validation.BindingResult)
2018-12-29 11:56:23.806  INFO 5312 --- [restartedMain] s.w.s.m.m.a.RequestMappingHandlerMapping : Mapped "{[/menu/menu_edit/{menuId}]}" onto public java.lang.String cn.stylefeng.guns.modular.system.controller.MenuController.menuEdit(java.lang.Long,org.springframework.ui.Model)
2018-12-29 11:56:23.806  INFO 5312 --- [restartedMain] s.w.s.m.m.a.RequestMappingHandlerMapping : Mapped "{[/menu/menu_add]}" onto public java.lang.String cn.stylefeng.guns.modular.system.controller.MenuController.menuAdd()
2018-12-29 11:56:23.806  INFO 5312 --- [restartedMain] s.w.s.m.m.a.RequestMappingHandlerMapping : Mapped "{[/menu/menuTreeList]}" onto public java.util.List<cn.stylefeng.guns.core.common.node.ZTreeNode> cn.stylefeng.guns.modular.system.controller.MenuController.menuTreeList()
2018-12-29 11:56:23.806  INFO 5312 --- [restartedMain] s.w.s.m.m.a.RequestMappingHandlerMapping : Mapped "{[/menu/view/{menuId}]}" onto public cn.stylefeng.roses.core.reqres.response.ResponseData cn.stylefeng.guns.modular.system.controller.MenuController.view(java.lang.Long)
2018-12-29 11:56:23.807  INFO 5312 --- [restartedMain] s.w.s.m.m.a.RequestMappingHandlerMapping : Mapped "{[/notice]}" onto public java.lang.String cn.stylefeng.guns.modular.system.controller.NoticeController.index()
2018-12-29 11:56:23.807  INFO 5312 --- [restartedMain] s.w.s.m.m.a.RequestMappingHandlerMapping : Mapped "{[/notice/add]}" onto public java.lang.Object cn.stylefeng.guns.modular.system.controller.NoticeController.add(cn.stylefeng.guns.modular.system.model.Notice)
2018-12-29 11:56:23.807  INFO 5312 --- [restartedMain] s.w.s.m.m.a.RequestMappingHandlerMapping : Mapped "{[/notice/update]}" onto public java.lang.Object cn.stylefeng.guns.modular.system.controller.NoticeController.update(cn.stylefeng.guns.modular.system.model.Notice)
2018-12-29 11:56:23.808  INFO 5312 --- [restartedMain] s.w.s.m.m.a.RequestMappingHandlerMapping : Mapped "{[/notice/delete]}" onto public java.lang.Object cn.stylefeng.guns.modular.system.controller.NoticeController.delete(java.lang.Integer)
2018-12-29 11:56:23.808  INFO 5312 --- [restartedMain] s.w.s.m.m.a.RequestMappingHandlerMapping : Mapped "{[/notice/list]}" onto public java.lang.Object cn.stylefeng.guns.modular.system.controller.NoticeController.list(java.lang.String)
2018-12-29 11:56:23.808  INFO 5312 --- [restartedMain] s.w.s.m.m.a.RequestMappingHandlerMapping : Mapped "{[/notice/notice_update/{noticeId}]}" onto public java.lang.String cn.stylefeng.guns.modular.system.controller.NoticeController.noticeUpdate(java.lang.Integer,org.springframework.ui.Model)
2018-12-29 11:56:23.808  INFO 5312 --- [restartedMain] s.w.s.m.m.a.RequestMappingHandlerMapping : Mapped "{[/notice/hello]}" onto public java.lang.String cn.stylefeng.guns.modular.system.controller.NoticeController.hello()
2018-12-29 11:56:23.808  INFO 5312 --- [restartedMain] s.w.s.m.m.a.RequestMappingHandlerMapping : Mapped "{[/notice/notice_add]}" onto public java.lang.String cn.stylefeng.guns.modular.system.controller.NoticeController.noticeAdd()
2018-12-29 11:56:23.809  INFO 5312 --- [restartedMain] s.w.s.m.m.a.RequestMappingHandlerMapping : Mapped "{[/role]}" onto public java.lang.String cn.stylefeng.guns.modular.system.controller.RoleController.index()
2018-12-29 11:56:23.810  INFO 5312 --- [restartedMain] s.w.s.m.m.a.RequestMappingHandlerMapping : Mapped "{[/role/add]}" onto public cn.stylefeng.roses.core.reqres.response.ResponseData cn.stylefeng.guns.modular.system.controller.RoleController.add(cn.stylefeng.guns.modular.system.model.Role,org.springframework.validation.BindingResult)
2018-12-29 11:56:23.810  INFO 5312 --- [restartedMain] s.w.s.m.m.a.RequestMappingHandlerMapping : Mapped "{[/role/remove]}" onto public cn.stylefeng.roses.core.reqres.response.ResponseData cn.stylefeng.guns.modular.system.controller.RoleController.remove(java.lang.Integer)
2018-12-29 11:56:23.810  INFO 5312 --- [restartedMain] s.w.s.m.m.a.RequestMappingHandlerMapping : Mapped "{[/role/list]}" onto public java.lang.Object cn.stylefeng.guns.modular.system.controller.RoleController.list(java.lang.String)
2018-12-29 11:56:23.810  INFO 5312 --- [restartedMain] s.w.s.m.m.a.RequestMappingHandlerMapping : Mapped "{[/role/roleTreeListByUserId/{userId}]}" onto public java.util.List<cn.stylefeng.guns.core.common.node.ZTreeNode> cn.stylefeng.guns.modular.system.controller.RoleController.roleTreeListByUserId(java.lang.Integer)
2018-12-29 11:56:23.810  INFO 5312 --- [restartedMain] s.w.s.m.m.a.RequestMappingHandlerMapping : Mapped "{[/role/edit]}" onto public cn.stylefeng.roses.core.reqres.response.ResponseData cn.stylefeng.guns.modular.system.controller.RoleController.edit(cn.stylefeng.guns.modular.system.model.Role,org.springframework.validation.BindingResult)
2018-12-29 11:56:23.810  INFO 5312 --- [restartedMain] s.w.s.m.m.a.RequestMappingHandlerMapping : Mapped "{[/role/roleTreeList]}" onto public java.util.List<cn.stylefeng.guns.core.common.node.ZTreeNode> cn.stylefeng.guns.modular.system.controller.RoleController.roleTreeList()
2018-12-29 11:56:23.811  INFO 5312 --- [restartedMain] s.w.s.m.m.a.RequestMappingHandlerMapping : Mapped "{[/role/role_add]}" onto public java.lang.String cn.stylefeng.guns.modular.system.controller.RoleController.roleAdd()
2018-12-29 11:56:23.811  INFO 5312 --- [restartedMain] s.w.s.m.m.a.RequestMappingHandlerMapping : Mapped "{[/role/role_edit/{roleId}]}" onto public java.lang.String cn.stylefeng.guns.modular.system.controller.RoleController.roleEdit(java.lang.Integer,org.springframework.ui.Model)
2018-12-29 11:56:23.811  INFO 5312 --- [restartedMain] s.w.s.m.m.a.RequestMappingHandlerMapping : Mapped "{[/role/setAuthority]}" onto public cn.stylefeng.roses.core.reqres.response.ResponseData cn.stylefeng.guns.modular.system.controller.RoleController.setAuthority(java.lang.Integer,java.lang.String)
2018-12-29 11:56:23.811  INFO 5312 --- [restartedMain] s.w.s.m.m.a.RequestMappingHandlerMapping : Mapped "{[/role/role_assign/{roleId}]}" onto public java.lang.String cn.stylefeng.guns.modular.system.controller.RoleController.roleAssign(java.lang.Integer,org.springframework.ui.Model)
2018-12-29 11:56:23.812  INFO 5312 --- [restartedMain] s.w.s.m.m.a.RequestMappingHandlerMapping : Mapped "{[/role/view/{roleId}]}" onto public cn.stylefeng.roses.core.reqres.response.ResponseData cn.stylefeng.guns.modular.system.controller.RoleController.view(java.lang.Integer)
2018-12-29 11:56:23.813  INFO 5312 --- [restartedMain] s.w.s.m.m.a.RequestMappingHandlerMapping : Mapped "{[/mgr]}" onto public java.lang.String cn.stylefeng.guns.modular.system.controller.UserMgrController.index()
2018-12-29 11:56:23.813  INFO 5312 --- [restartedMain] s.w.s.m.m.a.RequestMappingHandlerMapping : Mapped "{[/mgr/add]}" onto public cn.stylefeng.roses.core.reqres.response.ResponseData cn.stylefeng.guns.modular.system.controller.UserMgrController.add(cn.stylefeng.guns.modular.system.transfer.UserDto,org.springframework.validation.BindingResult)
2018-12-29 11:56:23.814  INFO 5312 --- [restartedMain] s.w.s.m.m.a.RequestMappingHandlerMapping : Mapped "{[/mgr/delete]}" onto public cn.stylefeng.roses.core.reqres.response.ResponseData cn.stylefeng.guns.modular.system.controller.UserMgrController.delete(java.lang.Integer)
2018-12-29 11:56:23.814  INFO 5312 --- [restartedMain] s.w.s.m.m.a.RequestMappingHandlerMapping : Mapped "{[/mgr/list]}" onto public java.lang.Object cn.stylefeng.guns.modular.system.controller.UserMgrController.list(java.lang.String,java.lang.String,java.lang.String,java.lang.Integer)
2018-12-29 11:56:23.814  INFO 5312 --- [restartedMain] s.w.s.m.m.a.RequestMappingHandlerMapping : Mapped "{[/mgr/reset]}" onto public cn.stylefeng.roses.core.reqres.response.ResponseData cn.stylefeng.guns.modular.system.controller.UserMgrController.reset(java.lang.Integer)
2018-12-29 11:56:23.814  INFO 5312 --- [restartedMain] s.w.s.m.m.a.RequestMappingHandlerMapping : Mapped "{[/mgr/user_info]}" onto public java.lang.String cn.stylefeng.guns.modular.system.controller.UserMgrController.userInfo(org.springframework.ui.Model)
2018-12-29 11:56:23.814  INFO 5312 --- [restartedMain] s.w.s.m.m.a.RequestMappingHandlerMapping : Mapped "{[/mgr/freeze]}" onto public cn.stylefeng.roses.core.reqres.response.ResponseData cn.stylefeng.guns.modular.system.controller.UserMgrController.freeze(java.lang.Integer)
2018-12-29 11:56:23.814  INFO 5312 --- [restartedMain] s.w.s.m.m.a.RequestMappingHandlerMapping : Mapped "{[/mgr/edit]}" onto public cn.stylefeng.roses.core.reqres.response.ResponseData cn.stylefeng.guns.modular.system.controller.UserMgrController.edit(cn.stylefeng.guns.modular.system.transfer.UserDto,org.springframework.validation.BindingResult) throws javax.naming.NoPermissionException
2018-12-29 11:56:23.814  INFO 5312 --- [restartedMain] s.w.s.m.m.a.RequestMappingHandlerMapping : Mapped "{[/mgr/user_edit/{userId}]}" onto public java.lang.String cn.stylefeng.guns.modular.system.controller.UserMgrController.userEdit(java.lang.Integer,org.springframework.ui.Model)
2018-12-29 11:56:23.814  INFO 5312 --- [restartedMain] s.w.s.m.m.a.RequestMappingHandlerMapping : Mapped "{[/mgr/unfreeze]}" onto public cn.stylefeng.roses.core.reqres.response.ResponseData cn.stylefeng.guns.modular.system.controller.UserMgrController.unfreeze(java.lang.Integer)
2018-12-29 11:56:23.815  INFO 5312 --- [restartedMain] s.w.s.m.m.a.RequestMappingHandlerMapping : Mapped "{[/mgr/user_chpwd]}" onto public java.lang.String cn.stylefeng.guns.modular.system.controller.UserMgrController.chPwd()
2018-12-29 11:56:23.815  INFO 5312 --- [restartedMain] s.w.s.m.m.a.RequestMappingHandlerMapping : Mapped "{[/mgr/role_assign/{userId}]}" onto public java.lang.String cn.stylefeng.guns.modular.system.controller.UserMgrController.roleAssign(java.lang.Integer,org.springframework.ui.Model)
2018-12-29 11:56:23.815  INFO 5312 --- [restartedMain] s.w.s.m.m.a.RequestMappingHandlerMapping : Mapped "{[/mgr/user_add]}" onto public java.lang.String cn.stylefeng.guns.modular.system.controller.UserMgrController.addView()
2018-12-29 11:56:23.815  INFO 5312 --- [restartedMain] s.w.s.m.m.a.RequestMappingHandlerMapping : Mapped "{[/mgr/changePwd]}" onto public java.lang.Object cn.stylefeng.guns.modular.system.controller.UserMgrController.changePwd(java.lang.String,java.lang.String,java.lang.String)
2018-12-29 11:56:23.815  INFO 5312 --- [restartedMain] s.w.s.m.m.a.RequestMappingHandlerMapping : Mapped "{[/mgr/upload],methods=[POST]}" onto public java.lang.String cn.stylefeng.guns.modular.system.controller.UserMgrController.upload(org.springframework.web.multipart.MultipartFile)
2018-12-29 11:56:23.816  INFO 5312 --- [restartedMain] s.w.s.m.m.a.RequestMappingHandlerMapping : Mapped "{[/mgr/setRole]}" onto public cn.stylefeng.roses.core.reqres.response.ResponseData cn.stylefeng.guns.modular.system.controller.UserMgrController.setRole(java.lang.Integer,java.lang.String)
2018-12-29 11:56:23.816  INFO 5312 --- [restartedMain] s.w.s.m.m.a.RequestMappingHandlerMapping : Mapped "{[/mgr/view/{userId}]}" onto public cn.stylefeng.guns.modular.system.model.User cn.stylefeng.guns.modular.system.controller.UserMgrController.view(java.lang.Integer)
2018-12-29 11:56:23.816  INFO 5312 --- [restartedMain] s.w.s.m.m.a.RequestMappingHandlerMapping : Mapped "{[/code/generate],methods=[POST]}" onto public java.lang.Object cn.stylefeng.guns.generator.modular.controller.CodeController.generate(cn.stylefeng.guns.generator.executor.model.GenQo)
2018-12-29 11:56:23.817  INFO 5312 --- [restartedMain] s.w.s.m.m.a.RequestMappingHandlerMapping : Mapped "{[/code]}" onto public java.lang.String cn.stylefeng.guns.generator.modular.controller.CodeController.blackboard(org.springframework.ui.Model)
2018-12-29 11:56:23.820  INFO 5312 --- [restartedMain] s.w.s.m.m.a.RequestMappingHandlerMapping : Mapped "{[/swagger-resources/configuration/security]}" onto public org.springframework.http.ResponseEntity<springfox.documentation.swagger.web.SecurityConfiguration> springfox.documentation.swagger.web.ApiResourceController.securityConfiguration()
2018-12-29 11:56:23.821  INFO 5312 --- [restartedMain] s.w.s.m.m.a.RequestMappingHandlerMapping : Mapped "{[/swagger-resources/configuration/ui]}" onto public org.springframework.http.ResponseEntity<springfox.documentation.swagger.web.UiConfiguration> springfox.documentation.swagger.web.ApiResourceController.uiConfiguration()
2018-12-29 11:56:23.822  INFO 5312 --- [restartedMain] s.w.s.m.m.a.RequestMappingHandlerMapping : Mapped "{[/swagger-resources]}" onto public org.springframework.http.ResponseEntity<java.util.List<springfox.documentation.swagger.web.SwaggerResource>> springfox.documentation.swagger.web.ApiResourceController.swaggerResources()
2018-12-29 11:56:23.825  INFO 5312 --- [restartedMain] s.w.s.m.m.a.RequestMappingHandlerMapping : Mapped "{[/error]}" onto public org.springframework.http.ResponseEntity<java.util.Map<java.lang.String, java.lang.Object>> org.springframework.boot.autoconfigure.web.servlet.error.BasicErrorController.error(javax.servlet.http.HttpServletRequest)
2018-12-29 11:56:23.826  INFO 5312 --- [restartedMain] s.w.s.m.m.a.RequestMappingHandlerMapping : Mapped "{[/error],produces=[text/html]}" onto public org.springframework.web.servlet.ModelAndView org.springframework.boot.autoconfigure.web.servlet.error.BasicErrorController.errorHtml(javax.servlet.http.HttpServletRequest,javax.servlet.http.HttpServletResponse)
2018-12-29 11:56:24.238  INFO 5312 --- [restartedMain] pertySourcedRequestMappingHandlerMapping : Mapped URL path [/v2/api-docs] onto method [public org.springframework.http.ResponseEntity<springfox.documentation.spring.web.json.Json> springfox.documentation.swagger2.web.Swagger2Controller.getDocumentation(java.lang.String,javax.servlet.http.HttpServletRequest)]
2018-12-29 11:56:24.606  INFO 5312 --- [restartedMain] o.s.w.s.handler.SimpleUrlHandlerMapping  : Mapped URL path [/**/favicon.ico] onto handler of type [class org.springframework.web.servlet.resource.ResourceHttpRequestHandler]
2018-12-29 11:56:25.133  INFO 5312 --- [restartedMain] s.w.s.m.m.a.RequestMappingHandlerAdapter : Looking for @ControllerAdvice: org.springframework.boot.web.servlet.context.AnnotationConfigServletWebServerApplicationContext@f80f13f: startup date [Sat Dec 29 11:56:11 CST 2018]; root of context hierarchy
2018-12-29 11:56:25.310  INFO 5312 --- [restartedMain] o.s.w.s.handler.SimpleUrlHandlerMapping  : Mapped URL path [/webjars/**] onto handler of type [class org.springframework.web.servlet.resource.ResourceHttpRequestHandler]
2018-12-29 11:56:25.310  INFO 5312 --- [restartedMain] o.s.w.s.handler.SimpleUrlHandlerMapping  : Mapped URL path [/static/**] onto handler of type [class org.springframework.web.servlet.resource.ResourceHttpRequestHandler]
2018-12-29 11:56:25.310  INFO 5312 --- [restartedMain] o.s.w.s.handler.SimpleUrlHandlerMapping  : Mapped URL path [/swagger-ui.html] onto handler of type [class org.springframework.web.servlet.resource.ResourceHttpRequestHandler]
2018-12-29 11:56:25.366  INFO 5312 --- [restartedMain] .m.m.a.ExceptionHandlerExceptionResolver : Detected @ExceptionHandler methods in globalExceptionHandler
2018-12-29 11:56:25.366  INFO 5312 --- [restartedMain] .m.m.a.ExceptionHandlerExceptionResolver : Detected @ExceptionHandler methods in defaultControllerExceptionHandler
2018-12-29 11:56:25.893  INFO 5312 --- [restartedMain] o.s.b.d.a.OptionalLiveReloadServer       : LiveReload server is running on port 35729
2018-12-29 11:56:25.957  INFO 5312 --- [restartedMain] o.s.j.e.a.AnnotationMBeanExporter        : Registering beans for JMX exposure on startup
2018-12-29 11:56:25.974  INFO 5312 --- [restartedMain] o.s.c.support.DefaultLifecycleProcessor  : Starting beans in phase 2147483647
2018-12-29 11:56:25.975  INFO 5312 --- [restartedMain] d.s.w.p.DocumentationPluginsBootstrapper : Context refreshed
2018-12-29 11:56:26.031  INFO 5312 --- [restartedMain] d.s.w.p.DocumentationPluginsBootstrapper : Found 1 custom documentation plugin(s)
2018-12-29 11:56:26.077  INFO 5312 --- [restartedMain] s.d.s.w.s.ApiListingReferenceScanner     : Scanning for api listing references
2018-12-29 11:56:26.152  INFO 5312 --- [restartedMain] o.s.b.w.embedded.tomcat.TomcatWebServer  : Tomcat started on port(s): 8888 (http) with context path '/financial'
2018-12-29 11:56:26.157  INFO 5312 --- [restartedMain] cn.stylefeng.guns.GunsApplication        : Started GunsApplication in 15.106 seconds (JVM running for 17.368)
2018-12-29 11:56:26.350  INFO 5312 --- [restartedMain] cn.stylefeng.guns.GunsApplication        : GunsApplication is success!
2018-12-29 11:57:23.021 ERROR 5312 --- [http-nio-8888-exec-2] o.a.catalina.core.AprLifecycleListener   : An incompatible version [1.1.29] of the APR based Apache Tomcat Native library is installed, while Tomcat requires version [1.2.14]
2018-12-29 11:57:23.093  INFO 5312 --- [http-nio-8888-exec-1] o.a.c.c.C.[.[localhost].[/financial]     : Initializing Spring FrameworkServlet 'dispatcherServlet'
2018-12-29 11:57:23.094  INFO 5312 --- [http-nio-8888-exec-1] o.s.web.servlet.DispatcherServlet        : FrameworkServlet 'dispatcherServlet': initialization started
2018-12-29 11:57:23.124  INFO 5312 --- [http-nio-8888-exec-1] o.s.web.servlet.DispatcherServlet        : FrameworkServlet 'dispatcherServlet': initialization completed in 30 ms
2018-12-29 11:57:23.371  INFO 5312 --- [http-nio-8888-exec-1] a.s.s.m.AbstractValidatingSessionManager : Enabling session validation scheduler...
2018-12-29 11:57:23.896 ERROR 5312 --- [http-nio-8888-exec-4] o.a.catalina.core.AprLifecycleListener   : An incompatible version [1.1.29] of the APR based Apache Tomcat Native library is installed, while Tomcat requires version [1.2.14]
2018-12-29 11:57:23.900 ERROR 5312 --- [http-nio-8888-exec-6] o.a.catalina.core.AprLifecycleListener   : An incompatible version [1.1.29] of the APR based Apache Tomcat Native library is installed, while Tomcat requires version [1.2.14]
2018-12-29 11:57:23.904 ERROR 5312 --- [http-nio-8888-exec-8] o.a.catalina.core.AprLifecycleListener   : An incompatible version [1.1.29] of the APR based Apache Tomcat Native library is installed, while Tomcat requires version [1.2.14]
2018-12-29 11:57:23.906 ERROR 5312 --- [http-nio-8888-exec-9] o.a.catalina.core.AprLifecycleListener   : An incompatible version [1.1.29] of the APR based Apache Tomcat Native library is installed, while Tomcat requires version [1.2.14]
2018-12-29 11:57:23.907 ERROR 5312 --- [http-nio-8888-exec-7] o.a.catalina.core.AprLifecycleListener   : An incompatible version [1.1.29] of the APR based Apache Tomcat Native library is installed, while Tomcat requires version [1.2.14]
2018-12-29 12:12:23.388  INFO 5312 --- [SessionValidationThread-1] a.s.s.m.AbstractValidatingSessionManager : Validating all active sessions...
2018-12-29 12:12:23.388  INFO 5312 --- [SessionValidationThread-1] a.s.s.m.AbstractValidatingSessionManager : Finished session validation.  No sessions were stopped.
2018-12-29 14:01:56.544  INFO 5312 --- [SessionValidationThread-1] a.s.s.m.AbstractValidatingSessionManager : Validating all active sessions...
2018-12-29 14:01:56.555  INFO 5312 --- [SessionValidationThread-1] a.s.s.m.AbstractValidatingSessionManager : Finished session validation.  [1] sessions were stopped.
2018-12-29 14:01:56.555  INFO 5312 --- [SessionValidationThread-1] a.s.s.m.AbstractValidatingSessionManager : Validating all active sessions...
2018-12-29 14:01:56.555  INFO 5312 --- [SessionValidationThread-1] a.s.s.m.AbstractValidatingSessionManager : Finished session validation.  No sessions were stopped.
2018-12-29 14:01:56.555  INFO 5312 --- [SessionValidationThread-1] a.s.s.m.AbstractValidatingSessionManager : Validating all active sessions...
2018-12-29 14:01:56.555  INFO 5312 --- [SessionValidationThread-1] a.s.s.m.AbstractValidatingSessionManager : Finished session validation.  No sessions were stopped.
2018-12-29 14:01:56.555  INFO 5312 --- [SessionValidationThread-1] a.s.s.m.AbstractValidatingSessionManager : Validating all active sessions...
2018-12-29 14:01:56.555  INFO 5312 --- [SessionValidationThread-1] a.s.s.m.AbstractValidatingSessionManager : Finished session validation.  No sessions were stopped.
2018-12-29 14:01:56.556  INFO 5312 --- [SessionValidationThread-1] a.s.s.m.AbstractValidatingSessionManager : Validating all active sessions...
2018-12-29 14:01:56.556  INFO 5312 --- [SessionValidationThread-1] a.s.s.m.AbstractValidatingSessionManager : Finished session validation.  No sessions were stopped.
2018-12-29 14:01:56.556  INFO 5312 --- [SessionValidationThread-1] a.s.s.m.AbstractValidatingSessionManager : Validating all active sessions...
2018-12-29 14:01:56.556  INFO 5312 --- [SessionValidationThread-1] a.s.s.m.AbstractValidatingSessionManager : Finished session validation.  No sessions were stopped.
2018-12-29 14:01:56.556  INFO 5312 --- [SessionValidationThread-1] a.s.s.m.AbstractValidatingSessionManager : Validating all active sessions...
2018-12-29 14:01:56.556  INFO 5312 --- [SessionValidationThread-1] a.s.s.m.AbstractValidatingSessionManager : Finished session validation.  No sessions were stopped.
