2018-12-20 16:35:13.265  INFO 2372 --- [restartedMain] cn.stylefeng.guns.GunsApplication        : Starting GunsApplication on DESKTOP-CCS0BVH with PID 2372 (D:\IDEA\financial\target\classes started by gz in D:\IDEA\financial)
2018-12-20 16:35:13.275  INFO 2372 --- [restartedMain] cn.stylefeng.guns.GunsApplication        : The following profiles are active: dev
2018-12-20 16:35:13.361  INFO 2372 --- [restartedMain] ConfigServletWebServerApplicationContext : Refreshing org.springframework.boot.web.servlet.context.AnnotationConfigServletWebServerApplicationContext@66f15a97: startup date [Thu Dec 20 16:35:13 CST 2018]; root of context hierarchy
2018-12-20 16:35:14.743  INFO 2372 --- [restartedMain] o.s.b.f.s.DefaultListableBeanFactory     : Overriding bean definition for bean 'codeController' with a different definition: replacing [Generic bean: class [cn.stylefeng.guns.generator.modular.controller.CodeController]; scope=singleton; abstract=false; lazyInit=false; autowireMode=0; dependencyCheck=0; autowireCandidate=true; primary=false; factoryBeanName=null; factoryMethodName=null; initMethodName=null; destroyMethodName=null; defined in URL [jar:file:/C:/Users/gz/.m2/repository/cn/stylefeng/guns/guns-generator/1.0.0/guns-generator-1.0.0.jar!/cn/stylefeng/guns/generator/modular/controller/CodeController.class]] with [Root bean: class [null]; scope=; abstract=false; lazyInit=false; autowireMode=3; dependencyCheck=0; autowireCandidate=true; primary=false; factoryBeanName=cn.stylefeng.guns.generator.config.GeneratorAutoConfiguration; factoryMethodName=codeController; initMethodName=null; destroyMethodName=(inferred); defined in class path resource [cn/stylefeng/guns/generator/config/GeneratorAutoConfiguration.class]]
2018-12-20 16:35:14.743  INFO 2372 --- [restartedMain] o.s.b.f.s.DefaultListableBeanFactory     : Overriding bean definition for bean 'tableService' with a different definition: replacing [Generic bean: class [cn.stylefeng.guns.generator.modular.service.TableService]; scope=singleton; abstract=false; lazyInit=false; autowireMode=0; dependencyCheck=0; autowireCandidate=true; primary=false; factoryBeanName=null; factoryMethodName=null; initMethodName=null; destroyMethodName=null; defined in URL [jar:file:/C:/Users/gz/.m2/repository/cn/stylefeng/guns/guns-generator/1.0.0/guns-generator-1.0.0.jar!/cn/stylefeng/guns/generator/modular/service/TableService.class]] with [Root bean: class [null]; scope=; abstract=false; lazyInit=false; autowireMode=3; dependencyCheck=0; autowireCandidate=true; primary=false; factoryBeanName=cn.stylefeng.guns.generator.config.GeneratorAutoConfiguration; factoryMethodName=tableService; initMethodName=null; destroyMethodName=(inferred); defined in class path resource [cn/stylefeng/guns/generator/config/GeneratorAutoConfiguration.class]]
2018-12-20 16:35:15.105  INFO 2372 --- [restartedMain] trationDelegate$BeanPostProcessorChecker : Bean 'shiroConfig' of type [cn.stylefeng.guns.config.web.ShiroConfig$$EnhancerBySpringCGLIB$$e9c3a2d1] is not eligible for getting processed by all BeanPostProcessors (for example: not eligible for auto-proxying)
2018-12-20 16:35:15.167  INFO 2372 --- [restartedMain] trationDelegate$BeanPostProcessorChecker : Bean 'rememberMeCookie' of type [org.apache.shiro.web.servlet.SimpleCookie] is not eligible for getting processed by all BeanPostProcessors (for example: not eligible for auto-proxying)
2018-12-20 16:35:15.503  INFO 2372 --- [restartedMain] trationDelegate$BeanPostProcessorChecker : Bean 'rememberMeManager' of type [org.apache.shiro.web.mgt.CookieRememberMeManager] is not eligible for getting processed by all BeanPostProcessors (for example: not eligible for auto-proxying)
2018-12-20 16:35:15.510  INFO 2372 --- [restartedMain] trationDelegate$BeanPostProcessorChecker : Bean 'ehCacheConfig' of type [cn.stylefeng.guns.config.EhCacheConfig$$EnhancerBySpringCGLIB$$fb94c559] is not eligible for getting processed by all BeanPostProcessors (for example: not eligible for auto-proxying)
2018-12-20 16:35:15.517  INFO 2372 --- [restartedMain] o.s.c.ehcache.EhCacheManagerFactoryBean  : Initializing EhCache CacheManager
2018-12-20 16:35:15.628  INFO 2372 --- [restartedMain] trationDelegate$BeanPostProcessorChecker : Bean 'ehcache' of type [org.springframework.cache.ehcache.EhCacheManagerFactoryBean] is not eligible for getting processed by all BeanPostProcessors (for example: not eligible for auto-proxying)
2018-12-20 16:35:15.638  INFO 2372 --- [restartedMain] trationDelegate$BeanPostProcessorChecker : Bean 'getCacheShiroManager' of type [org.apache.shiro.cache.ehcache.EhCacheManager] is not eligible for getting processed by all BeanPostProcessors (for example: not eligible for auto-proxying)
2018-12-20 16:35:15.658  INFO 2372 --- [restartedMain] trationDelegate$BeanPostProcessorChecker : Bean 'org.springframework.boot.context.properties.ConversionServiceDeducer$Factory' of type [org.springframework.boot.context.properties.ConversionServiceDeducer$Factory] is not eligible for getting processed by all BeanPostProcessors (for example: not eligible for auto-proxying)
2018-12-20 16:35:15.668  INFO 2372 --- [restartedMain] trationDelegate$BeanPostProcessorChecker : Bean 'gunsProperties' of type [cn.stylefeng.guns.config.properties.GunsProperties] is not eligible for getting processed by all BeanPostProcessors (for example: not eligible for auto-proxying)
2018-12-20 16:35:15.678  INFO 2372 --- [restartedMain] trationDelegate$BeanPostProcessorChecker : Bean 'defaultWebSessionManager' of type [org.apache.shiro.web.session.mgt.DefaultWebSessionManager] is not eligible for getting processed by all BeanPostProcessors (for example: not eligible for auto-proxying)
2018-12-20 16:35:15.698  INFO 2372 --- [restartedMain] trationDelegate$BeanPostProcessorChecker : Bean 'shiroDbRealm' of type [cn.stylefeng.guns.core.shiro.ShiroDbRealm] is not eligible for getting processed by all BeanPostProcessors (for example: not eligible for auto-proxying)
2018-12-20 16:35:15.698  INFO 2372 --- [restartedMain] o.a.shiro.cache.ehcache.EhCacheManager   : Cache with name 'cn.stylefeng.guns.core.shiro.ShiroDbRealm.authorizationCache' does not yet exist.  Creating now.
2018-12-20 16:35:15.718  INFO 2372 --- [restartedMain] o.a.shiro.cache.ehcache.EhCacheManager   : Added EhCache named [cn.stylefeng.guns.core.shiro.ShiroDbRealm.authorizationCache]
2018-12-20 16:35:15.728  INFO 2372 --- [restartedMain] trationDelegate$BeanPostProcessorChecker : Bean 'securityManager' of type [org.apache.shiro.web.mgt.DefaultWebSecurityManager] is not eligible for getting processed by all BeanPostProcessors (for example: not eligible for auto-proxying)
2018-12-20 16:35:15.738  INFO 2372 --- [restartedMain] trationDelegate$BeanPostProcessorChecker : Bean 'methodInvokingFactoryBean' of type [org.springframework.beans.factory.config.MethodInvokingFactoryBean] is not eligible for getting processed by all BeanPostProcessors (for example: not eligible for auto-proxying)
2018-12-20 16:35:15.748  INFO 2372 --- [restartedMain] trationDelegate$BeanPostProcessorChecker : Bean 'webConfig' of type [cn.stylefeng.guns.config.web.WebConfig$$EnhancerBySpringCGLIB$$8a69d694] is not eligible for getting processed by all BeanPostProcessors (for example: not eligible for auto-proxying)
2018-12-20 16:35:15.808  INFO 2372 --- [restartedMain] trationDelegate$BeanPostProcessorChecker : Bean 'authorizationAttributeSourceAdvisor' of type [org.apache.shiro.spring.security.interceptor.AuthorizationAttributeSourceAdvisor] is not eligible for getting processed by all BeanPostProcessors (for example: not eligible for auto-proxying)
2018-12-20 16:35:15.823  INFO 2372 --- [restartedMain] trationDelegate$BeanPostProcessorChecker : Bean 'druidStatPointcut' of type [org.springframework.aop.support.JdkRegexpMethodPointcut] is not eligible for getting processed by all BeanPostProcessors (for example: not eligible for auto-proxying)
2018-12-20 16:35:15.833  INFO 2372 --- [restartedMain] trationDelegate$BeanPostProcessorChecker : Bean 'druidStatInterceptor' of type [com.alibaba.druid.support.spring.stat.DruidStatInterceptor] is not eligible for getting processed by all BeanPostProcessors (for example: not eligible for auto-proxying)
2018-12-20 16:35:15.837  INFO 2372 --- [restartedMain] trationDelegate$BeanPostProcessorChecker : Bean 'druidStatAdvisor' of type [org.springframework.aop.support.DefaultPointcutAdvisor] is not eligible for getting processed by all BeanPostProcessors (for example: not eligible for auto-proxying)
2018-12-20 16:35:15.897  INFO 2372 --- [restartedMain] trationDelegate$BeanPostProcessorChecker : Bean 'org.springframework.cache.annotation.ProxyCachingConfiguration' of type [org.springframework.cache.annotation.ProxyCachingConfiguration$$EnhancerBySpringCGLIB$$68de6a0a] is not eligible for getting processed by all BeanPostProcessors (for example: not eligible for auto-proxying)
2018-12-20 16:35:16.152  INFO 2372 --- [restartedMain] trationDelegate$BeanPostProcessorChecker : Bean 'org.springframework.transaction.annotation.ProxyTransactionManagementConfiguration' of type [org.springframework.transaction.annotation.ProxyTransactionManagementConfiguration$$EnhancerBySpringCGLIB$$1fcc33ec] is not eligible for getting processed by all BeanPostProcessors (for example: not eligible for auto-proxying)
2018-12-20 16:35:16.619 ERROR 2372 --- [restartedMain] o.a.catalina.core.AprLifecycleListener   : An incompatible version [1.1.29] of the APR based Apache Tomcat Native library is installed, while Tomcat requires version [1.2.14]
2018-12-20 16:35:16.773  INFO 2372 --- [restartedMain] o.s.b.w.embedded.tomcat.TomcatWebServer  : Tomcat initialized with port(s): 8888 (http)
2018-12-20 16:35:16.788 ERROR 2372 --- [restartedMain] o.a.catalina.core.AprLifecycleListener   : An incompatible version [1.1.29] of the APR based Apache Tomcat Native library is installed, while Tomcat requires version [1.2.14]
2018-12-20 16:35:16.798  INFO 2372 --- [restartedMain] o.apache.catalina.core.StandardService   : Starting service [Tomcat]
2018-12-20 16:35:16.798  INFO 2372 --- [restartedMain] org.apache.catalina.core.StandardEngine  : Starting Servlet Engine: Apache Tomcat/8.5.29
2018-12-20 16:35:16.803 ERROR 2372 --- [localhost-startStop-1] o.a.catalina.core.AprLifecycleListener   : An incompatible version [1.1.29] of the APR based Apache Tomcat Native library is installed, while Tomcat requires version [1.2.14]
2018-12-20 16:35:16.944  INFO 2372 --- [localhost-startStop-1] o.a.c.c.C.[.[localhost].[/financial]     : Initializing Spring embedded WebApplicationContext
2018-12-20 16:35:16.944  INFO 2372 --- [localhost-startStop-1] o.s.web.context.ContextLoader            : Root WebApplicationContext: initialization completed in 3583 ms
2018-12-20 16:35:17.283  INFO 2372 --- [localhost-startStop-1] o.s.b.w.servlet.ServletRegistrationBean  : Servlet statViewServlet mapped to [/druid/*]
2018-12-20 16:35:17.284  INFO 2372 --- [localhost-startStop-1] o.s.b.w.servlet.ServletRegistrationBean  : Servlet dispatcherServlet mapped to [/]
2018-12-20 16:35:17.289  INFO 2372 --- [localhost-startStop-1] o.s.b.w.servlet.FilterRegistrationBean   : Mapping filter: 'characterEncodingFilter' to: [/*]
2018-12-20 16:35:17.289  INFO 2372 --- [localhost-startStop-1] o.s.b.w.servlet.FilterRegistrationBean   : Mapping filter: 'hiddenHttpMethodFilter' to: [/*]
2018-12-20 16:35:17.289  INFO 2372 --- [localhost-startStop-1] o.s.b.w.servlet.FilterRegistrationBean   : Mapping filter: 'httpPutFormContentFilter' to: [/*]
2018-12-20 16:35:17.289  INFO 2372 --- [localhost-startStop-1] o.s.b.w.servlet.FilterRegistrationBean   : Mapping filter: 'requestContextFilter' to: [/*]
2018-12-20 16:35:17.290  INFO 2372 --- [localhost-startStop-1] o.s.b.w.servlet.FilterRegistrationBean   : Mapping filter: 'webStatFilter' to urls: [/*]
2018-12-20 16:35:17.290  INFO 2372 --- [localhost-startStop-1] o.s.b.w.servlet.FilterRegistrationBean   : Mapping filter: 'xssFilter' to urls: [/*]
2018-12-20 16:35:17.290  INFO 2372 --- [localhost-startStop-1] o.s.b.w.servlet.FilterRegistrationBean   : Mapping filter: 'shiroFilter' to: [/*]
2018-12-20 16:35:18.828  INFO 2372 --- [restartedMain] com.alibaba.druid.pool.DruidDataSource   : {dataSource-1} inited
2018-12-20 16:35:19.102  WARN 2372 --- [restartedMain] c.b.mybatisplus.mapper.AutoSqlInjector   : class cn.stylefeng.guns.modular.finance.model.OaDataSource ,Not found @TableId annotation, Cannot use Mybatis-Plus 'xxById' Method.
2018-12-20 16:35:20.879  INFO 2372 --- [restartedMain] s.w.s.m.m.a.RequestMappingHandlerMapping : Mapped "{[/global/error]}" onto public java.lang.String cn.stylefeng.guns.core.common.controller.GlobalController.errorPage()
2018-12-20 16:35:20.881  INFO 2372 --- [restartedMain] s.w.s.m.m.a.RequestMappingHandlerMapping : Mapped "{[/global/sessionError]}" onto public java.lang.String cn.stylefeng.guns.core.common.controller.GlobalController.errorPageInfo(org.springframework.ui.Model)
2018-12-20 16:35:20.882  INFO 2372 --- [restartedMain] s.w.s.m.m.a.RequestMappingHandlerMapping : Mapped "{[/gunsApi/test],methods=[POST]}" onto public java.lang.Object cn.stylefeng.guns.modular.api.ApiController.test()
2018-12-20 16:35:20.883  INFO 2372 --- [restartedMain] s.w.s.m.m.a.RequestMappingHandlerMapping : Mapped "{[/gunsApi/auth]}" onto public java.lang.Object cn.stylefeng.guns.modular.api.ApiController.auth(java.lang.String,java.lang.String)
2018-12-20 16:35:20.888  INFO 2372 --- [restartedMain] s.w.s.m.m.a.RequestMappingHandlerMapping : Mapped "{[/auditpermissions]}" onto public java.lang.String cn.stylefeng.guns.modular.finance.controller.AuditpermissionsController.index()
2018-12-20 16:35:20.889  INFO 2372 --- [restartedMain] s.w.s.m.m.a.RequestMappingHandlerMapping : Mapped "{[/auditpermissions/add]}" onto public java.lang.Object cn.stylefeng.guns.modular.finance.controller.AuditpermissionsController.add(cn.stylefeng.guns.modular.finance.model.Auditpermissions)
2018-12-20 16:35:20.889  INFO 2372 --- [restartedMain] s.w.s.m.m.a.RequestMappingHandlerMapping : Mapped "{[/auditpermissions/update]}" onto public java.lang.Object cn.stylefeng.guns.modular.finance.controller.AuditpermissionsController.update(cn.stylefeng.guns.modular.finance.model.Auditpermissions)
2018-12-20 16:35:20.889  INFO 2372 --- [restartedMain] s.w.s.m.m.a.RequestMappingHandlerMapping : Mapped "{[/auditpermissions/delete]}" onto public java.lang.Object cn.stylefeng.guns.modular.finance.controller.AuditpermissionsController.delete(java.lang.Integer)
2018-12-20 16:35:20.890  INFO 2372 --- [restartedMain] s.w.s.m.m.a.RequestMappingHandlerMapping : Mapped "{[/auditpermissions/list]}" onto public java.lang.Object cn.stylefeng.guns.modular.finance.controller.AuditpermissionsController.list(java.lang.String)
2018-12-20 16:35:20.890  INFO 2372 --- [restartedMain] s.w.s.m.m.a.RequestMappingHandlerMapping : Mapped "{[/auditpermissions/detail/{auditpermissionsId}]}" onto public java.lang.Object cn.stylefeng.guns.modular.finance.controller.AuditpermissionsController.detail(java.lang.Integer)
2018-12-20 16:35:20.890  INFO 2372 --- [restartedMain] s.w.s.m.m.a.RequestMappingHandlerMapping : Mapped "{[/auditpermissions/auditPosting/add]}" onto public java.lang.Object cn.stylefeng.guns.modular.finance.controller.AuditpermissionsController.auditPostingAdd(cn.stylefeng.guns.modular.finance.model.Auditpermissions)
2018-12-20 16:35:20.891  INFO 2372 --- [restartedMain] s.w.s.m.m.a.RequestMappingHandlerMapping : Mapped "{[/auditpermissions/auditPosting/list]}" onto public java.lang.Object cn.stylefeng.guns.modular.finance.controller.AuditpermissionsController.auditPostingList(java.lang.String)
2018-12-20 16:35:20.891  INFO 2372 --- [restartedMain] s.w.s.m.m.a.RequestMappingHandlerMapping : Mapped "{[/auditpermissions/prepared_by_list]}" onto public java.lang.Object cn.stylefeng.guns.modular.finance.controller.AuditpermissionsController.prepared_by_list()
2018-12-20 16:35:20.891  INFO 2372 --- [restartedMain] s.w.s.m.m.a.RequestMappingHandlerMapping : Mapped "{[/auditpermissions/auditPosting/delete]}" onto public java.lang.Object cn.stylefeng.guns.modular.finance.controller.AuditpermissionsController.auditPostingDelete(java.lang.Integer)
2018-12-20 16:35:20.891  INFO 2372 --- [restartedMain] s.w.s.m.m.a.RequestMappingHandlerMapping : Mapped "{[/auditpermissions/auditPosting/update]}" onto public java.lang.Object cn.stylefeng.guns.modular.finance.controller.AuditpermissionsController.auditPostingUpdate(cn.stylefeng.guns.modular.finance.model.Auditpermissions)
2018-12-20 16:35:20.892  INFO 2372 --- [restartedMain] s.w.s.m.m.a.RequestMappingHandlerMapping : Mapped "{[/auditpermissions/auditPosting/AuditPosting_update/{auditpermissionsId}]}" onto public java.lang.String cn.stylefeng.guns.modular.finance.controller.AuditpermissionsController.auditPostingUpdate(java.lang.Integer,org.springframework.ui.Model)
2018-12-20 16:35:20.892  INFO 2372 --- [restartedMain] s.w.s.m.m.a.RequestMappingHandlerMapping : Mapped "{[/auditpermissions/auditpermissions_add]}" onto public java.lang.String cn.stylefeng.guns.modular.finance.controller.AuditpermissionsController.auditpermissionsAdd()
2018-12-20 16:35:20.892  INFO 2372 --- [restartedMain] s.w.s.m.m.a.RequestMappingHandlerMapping : Mapped "{[/auditpermissions/auditpermissions_update/{auditpermissionsId}]}" onto public java.lang.String cn.stylefeng.guns.modular.finance.controller.AuditpermissionsController.auditpermissionsUpdate(java.lang.Integer,org.springframework.ui.Model)
2018-12-20 16:35:20.892  INFO 2372 --- [restartedMain] s.w.s.m.m.a.RequestMappingHandlerMapping : Mapped "{[/auditpermissions/auditPosting/AuditPosting_add]}" onto public java.lang.String cn.stylefeng.guns.modular.finance.controller.AuditpermissionsController.auditPostingAuditPosting_add()
2018-12-20 16:35:20.893  INFO 2372 --- [restartedMain] s.w.s.m.m.a.RequestMappingHandlerMapping : Mapped "{[/auditpermissions/auditPosting]}" onto public java.lang.String cn.stylefeng.guns.modular.finance.controller.AuditpermissionsController.auditPostingIndex()
2018-12-20 16:35:20.894  INFO 2372 --- [restartedMain] s.w.s.m.m.a.RequestMappingHandlerMapping : Mapped "{[/entryGlm]}" onto public java.lang.String cn.stylefeng.guns.modular.finance.controller.EntryAddController.index()
2018-12-20 16:35:20.895  INFO 2372 --- [restartedMain] s.w.s.m.m.a.RequestMappingHandlerMapping : Mapped "{[/entryGlm/add]}" onto public java.lang.Object cn.stylefeng.guns.modular.finance.controller.EntryAddController.add(java.lang.String)
2018-12-20 16:35:20.895  INFO 2372 --- [restartedMain] s.w.s.m.m.a.RequestMappingHandlerMapping : Mapped "{[/entryGlm/update]}" onto public java.lang.Object cn.stylefeng.guns.modular.finance.controller.EntryAddController.update(java.lang.String,java.lang.String,java.lang.String)
2018-12-20 16:35:20.895  INFO 2372 --- [restartedMain] s.w.s.m.m.a.RequestMappingHandlerMapping : Mapped "{[/entryGlm/list]}" onto public java.lang.Object cn.stylefeng.guns.modular.finance.controller.EntryAddController.list(java.lang.String)
2018-12-20 16:35:20.895  INFO 2372 --- [restartedMain] s.w.s.m.m.a.RequestMappingHandlerMapping : Mapped "{[/entryGlm/entry_view/{Id}]}" onto public java.lang.String cn.stylefeng.guns.modular.finance.controller.EntryAddController.entry_view(java.lang.Integer,org.springframework.ui.Model)
2018-12-20 16:35:20.896  INFO 2372 --- [restartedMain] s.w.s.m.m.a.RequestMappingHandlerMapping : Mapped "{[/entryGlm/entry_add]}" onto public java.lang.String cn.stylefeng.guns.modular.finance.controller.EntryAddController.entryAdd(org.springframework.ui.Model)
2018-12-20 16:35:20.896  INFO 2372 --- [restartedMain] s.w.s.m.m.a.RequestMappingHandlerMapping : Mapped "{[/entryGlm/otherAccounting]}" onto public java.lang.Object cn.stylefeng.guns.modular.finance.controller.EntryAddController.otherAccounting()
2018-12-20 16:35:20.896  INFO 2372 --- [restartedMain] s.w.s.m.m.a.RequestMappingHandlerMapping : Mapped "{[/entryGlm/entry_update/{Id}]}" onto public java.lang.String cn.stylefeng.guns.modular.finance.controller.EntryAddController.entryUpdate(java.lang.Integer,org.springframework.ui.Model)
2018-12-20 16:35:20.896  INFO 2372 --- [restartedMain] s.w.s.m.m.a.RequestMappingHandlerMapping : Mapped "{[/entryGlm/carryOver]}" onto public java.lang.String cn.stylefeng.guns.modular.finance.controller.EntryAddController.carryOver(org.springframework.ui.Model)
2018-12-20 16:35:20.896  INFO 2372 --- [restartedMain] s.w.s.m.m.a.RequestMappingHandlerMapping : Mapped "{[/entryGlm/profitLoss]}" onto public java.lang.Object cn.stylefeng.guns.modular.finance.controller.EntryAddController.profitLoss(java.lang.String)
2018-12-20 16:35:20.897  INFO 2372 --- [restartedMain] s.w.s.m.m.a.RequestMappingHandlerMapping : Mapped "{[/entryGlm/documentChange/{value}]}" onto public java.lang.Object cn.stylefeng.guns.modular.finance.controller.EntryAddController.documentChange(java.lang.Integer)
2018-12-20 16:35:20.899  INFO 2372 --- [restartedMain] s.w.s.m.m.a.RequestMappingHandlerMapping : Mapped "{[/entry]}" onto public java.lang.String cn.stylefeng.guns.modular.finance.controller.EntryController.index()
2018-12-20 16:35:20.900  INFO 2372 --- [restartedMain] s.w.s.m.m.a.RequestMappingHandlerMapping : Mapped "{[/entry/add]}" onto public java.lang.Object cn.stylefeng.guns.modular.finance.controller.EntryController.add(cn.stylefeng.guns.modular.finance.model.Entry)
2018-12-20 16:35:20.900  INFO 2372 --- [restartedMain] s.w.s.m.m.a.RequestMappingHandlerMapping : Mapped "{[/entry/update]}" onto public java.lang.Object cn.stylefeng.guns.modular.finance.controller.EntryController.update(cn.stylefeng.guns.modular.finance.model.Entry)
2018-12-20 16:35:20.900  INFO 2372 --- [restartedMain] s.w.s.m.m.a.RequestMappingHandlerMapping : Mapped "{[/entry/delete]}" onto public java.lang.Object cn.stylefeng.guns.modular.finance.controller.EntryController.delete(java.lang.String[])
2018-12-20 16:35:20.901  INFO 2372 --- [restartedMain] s.w.s.m.m.a.RequestMappingHandlerMapping : Mapped "{[/entry/list]}" onto public java.lang.Object cn.stylefeng.guns.modular.finance.controller.EntryController.list(java.util.Map<java.lang.String, java.lang.Object>)
2018-12-20 16:35:20.901  INFO 2372 --- [restartedMain] s.w.s.m.m.a.RequestMappingHandlerMapping : Mapped "{[/entry/search]}" onto public java.lang.String cn.stylefeng.guns.modular.finance.controller.EntryController.search(org.springframework.ui.Model)
2018-12-20 16:35:20.901  INFO 2372 --- [restartedMain] s.w.s.m.m.a.RequestMappingHandlerMapping : Mapped "{[/entry/detail/{entryId}]}" onto public java.lang.Object cn.stylefeng.guns.modular.finance.controller.EntryController.detail(java.lang.Integer)
2018-12-20 16:35:20.901  INFO 2372 --- [restartedMain] s.w.s.m.m.a.RequestMappingHandlerMapping : Mapped "{[/entry/getUser]}" onto public java.util.List<cn.stylefeng.guns.modular.system.model.User> cn.stylefeng.guns.modular.finance.controller.EntryController.getUser()
2018-12-20 16:35:20.902  INFO 2372 --- [restartedMain] s.w.s.m.m.a.RequestMappingHandlerMapping : Mapped "{[/entry/entry_add]}" onto public java.lang.String cn.stylefeng.guns.modular.finance.controller.EntryController.entryAdd()
2018-12-20 16:35:20.902  INFO 2372 --- [restartedMain] s.w.s.m.m.a.RequestMappingHandlerMapping : Mapped "{[/entry/entry_update/{entryId}]}" onto public java.lang.String cn.stylefeng.guns.modular.finance.controller.EntryController.entryUpdate(java.lang.Integer,org.springframework.ui.Model)
2018-12-20 16:35:20.902  INFO 2372 --- [restartedMain] s.w.s.m.m.a.RequestMappingHandlerMapping : Mapped "{[/entry/saveSearch]}" onto public java.lang.Object cn.stylefeng.guns.modular.finance.controller.EntryController.saveSearch(java.util.Map<java.lang.String, java.lang.Object>)
2018-12-20 16:35:20.902  INFO 2372 --- [restartedMain] s.w.s.m.m.a.RequestMappingHandlerMapping : Mapped "{[/entry/entry_subject]}" onto public java.lang.String cn.stylefeng.guns.modular.finance.controller.EntryController.entry_subject()
2018-12-20 16:35:20.903  INFO 2372 --- [restartedMain] s.w.s.m.m.a.RequestMappingHandlerMapping : Mapped "{[/entry/searchPlan]}" onto public java.lang.Object cn.stylefeng.guns.modular.finance.controller.EntryController.searchPlan(java.util.Map<java.lang.String, java.lang.Object>)
2018-12-20 16:35:20.905  INFO 2372 --- [restartedMain] s.w.s.m.m.a.RequestMappingHandlerMapping : Mapped "{[/entry/deleteSearch]}" onto public java.lang.Object cn.stylefeng.guns.modular.finance.controller.EntryController.deleteSearch(java.lang.String)
2018-12-20 16:35:20.905  INFO 2372 --- [restartedMain] s.w.s.m.m.a.RequestMappingHandlerMapping : Mapped "{[/entry/approval]}" onto public java.lang.Object cn.stylefeng.guns.modular.finance.controller.EntryController.approval(java.lang.String[])
2018-12-20 16:35:20.905  INFO 2372 --- [restartedMain] s.w.s.m.m.a.RequestMappingHandlerMapping : Mapped "{[/entry/statisticalPage]}" onto public java.lang.String cn.stylefeng.guns.modular.finance.controller.EntryController.statisticalPage()
2018-12-20 16:35:20.906  INFO 2372 --- [restartedMain] s.w.s.m.m.a.RequestMappingHandlerMapping : Mapped "{[/entry/checkoutFunction]}" onto public java.lang.Object cn.stylefeng.guns.modular.finance.controller.EntryController.checkoutFunction(java.lang.String,java.lang.String)
2018-12-20 16:35:20.906  INFO 2372 --- [restartedMain] s.w.s.m.m.a.RequestMappingHandlerMapping : Mapped "{[/entry/reverseApproval]}" onto public java.lang.Object cn.stylefeng.guns.modular.finance.controller.EntryController.reverseApproval(java.lang.String[])
2018-12-20 16:35:20.906  INFO 2372 --- [restartedMain] s.w.s.m.m.a.RequestMappingHandlerMapping : Mapped "{[/entry/checkout]}" onto public java.lang.String cn.stylefeng.guns.modular.finance.controller.EntryController.checkout()
2018-12-20 16:35:20.906  INFO 2372 --- [restartedMain] s.w.s.m.m.a.RequestMappingHandlerMapping : Mapped "{[/entry/statistical]}" onto public java.lang.Object cn.stylefeng.guns.modular.finance.controller.EntryController.statisticalList(java.util.Map<java.lang.String, java.lang.Object>)
2018-12-20 16:35:20.907  INFO 2372 --- [restartedMain] s.w.s.m.m.a.RequestMappingHandlerMapping : Mapped "{[/posting]}" onto public java.lang.String cn.stylefeng.guns.modular.finance.controller.EntryPostingController.index()
2018-12-20 16:35:20.907  INFO 2372 --- [restartedMain] s.w.s.m.m.a.RequestMappingHandlerMapping : Mapped "{[/posting/list]}" onto public java.lang.Object cn.stylefeng.guns.modular.finance.controller.EntryPostingController.list(java.util.Map<java.lang.String, java.lang.Object>)
2018-12-20 16:35:20.908  INFO 2372 --- [restartedMain] s.w.s.m.m.a.RequestMappingHandlerMapping : Mapped "{[/posting/posting]}" onto public java.lang.Object cn.stylefeng.guns.modular.finance.controller.EntryPostingController.posting(java.lang.String[])
2018-12-20 16:35:20.909  INFO 2372 --- [restartedMain] s.w.s.m.m.a.RequestMappingHandlerMapping : Mapped "{[/expenseAccount]}" onto public java.lang.String cn.stylefeng.guns.modular.finance.controller.ExpenseAccountController.index()
2018-12-20 16:35:20.909  INFO 2372 --- [restartedMain] s.w.s.m.m.a.RequestMappingHandlerMapping : Mapped "{[/expenseAccount/add]}" onto public java.lang.Object cn.stylefeng.guns.modular.finance.controller.ExpenseAccountController.add(cn.stylefeng.guns.modular.finance.model.ExpenseAccount)
2018-12-20 16:35:20.909  INFO 2372 --- [restartedMain] s.w.s.m.m.a.RequestMappingHandlerMapping : Mapped "{[/expenseAccount/update]}" onto public java.lang.Object cn.stylefeng.guns.modular.finance.controller.ExpenseAccountController.update(cn.stylefeng.guns.modular.finance.model.ExpenseAccount)
2018-12-20 16:35:20.909  INFO 2372 --- [restartedMain] s.w.s.m.m.a.RequestMappingHandlerMapping : Mapped "{[/expenseAccount/delete]}" onto public java.lang.Object cn.stylefeng.guns.modular.finance.controller.ExpenseAccountController.delete(java.lang.Integer)
2018-12-20 16:35:20.909  INFO 2372 --- [restartedMain] s.w.s.m.m.a.RequestMappingHandlerMapping : Mapped "{[/expenseAccount/list]}" onto public java.lang.Object cn.stylefeng.guns.modular.finance.controller.ExpenseAccountController.list(java.lang.String,java.lang.String,java.lang.Integer)
2018-12-20 16:35:20.910  INFO 2372 --- [restartedMain] s.w.s.m.m.a.RequestMappingHandlerMapping : Mapped "{[/expenseAccount/tree/{pId}]}" onto public java.util.List<cn.stylefeng.guns.core.common.node.SubjectNode> cn.stylefeng.guns.modular.finance.controller.ExpenseAccountController.tree(java.lang.String)
2018-12-20 16:35:20.910  INFO 2372 --- [restartedMain] s.w.s.m.m.a.RequestMappingHandlerMapping : Mapped "{[/expenseAccount/detail/{expenseAccountId}]}" onto public java.lang.Object cn.stylefeng.guns.modular.finance.controller.ExpenseAccountController.detail(java.lang.Integer)
2018-12-20 16:35:20.910  INFO 2372 --- [restartedMain] s.w.s.m.m.a.RequestMappingHandlerMapping : Mapped "{[/expenseAccount/expenseAccount_subject]}" onto public java.lang.String cn.stylefeng.guns.modular.finance.controller.ExpenseAccountController.entry_subject()
2018-12-20 16:35:20.910  INFO 2372 --- [restartedMain] s.w.s.m.m.a.RequestMappingHandlerMapping : Mapped "{[/expenseAccount/treeEa]}" onto public java.util.List<cn.stylefeng.guns.core.common.node.ZTreeNode> cn.stylefeng.guns.modular.finance.controller.ExpenseAccountController.treeEa()
2018-12-20 16:35:20.910  INFO 2372 --- [restartedMain] s.w.s.m.m.a.RequestMappingHandlerMapping : Mapped "{[/expenseAccount/expenseAccount_update/{expenseAccountId}]}" onto public java.lang.String cn.stylefeng.guns.modular.finance.controller.ExpenseAccountController.expenseAccountUpdate(java.lang.Integer,org.springframework.ui.Model)
2018-12-20 16:35:20.911  INFO 2372 --- [restartedMain] s.w.s.m.m.a.RequestMappingHandlerMapping : Mapped "{[/expenseAccount/expenseAccount_add/{expenseAccountId}]}" onto public java.lang.String cn.stylefeng.guns.modular.finance.controller.ExpenseAccountController.expenseAccountAdd(java.lang.Integer,org.springframework.ui.Model)
2018-12-20 16:35:20.911  INFO 2372 --- [restartedMain] s.w.s.m.m.a.RequestMappingHandlerMapping : Mapped "{[/oaData/gainCompany]}" onto public java.lang.Object cn.stylefeng.guns.modular.finance.controller.OaDataSourceController.gainCompany(java.lang.String)
2018-12-20 16:35:20.911  INFO 2372 --- [restartedMain] s.w.s.m.m.a.RequestMappingHandlerMapping : Mapped "{[/oaData/gainDepartment]}" onto public java.lang.Object cn.stylefeng.guns.modular.finance.controller.OaDataSourceController.gainDepartment(java.lang.String)
2018-12-20 16:35:20.911  INFO 2372 --- [restartedMain] s.w.s.m.m.a.RequestMappingHandlerMapping : Mapped "{[/oaData/gainClerk]}" onto public java.lang.Object cn.stylefeng.guns.modular.finance.controller.OaDataSourceController.gainClerk(java.lang.String)
2018-12-20 16:35:20.912  INFO 2372 --- [restartedMain] s.w.s.m.m.a.RequestMappingHandlerMapping : Mapped "{[/blackboard]}" onto public java.lang.String cn.stylefeng.guns.modular.system.controller.BlackboardController.blackboard(org.springframework.ui.Model)
2018-12-20 16:35:20.913  INFO 2372 --- [restartedMain] s.w.s.m.m.a.RequestMappingHandlerMapping : Mapped "{[/dept]}" onto public java.lang.String cn.stylefeng.guns.modular.system.controller.DeptController.index()
2018-12-20 16:35:20.913  INFO 2372 --- [restartedMain] s.w.s.m.m.a.RequestMappingHandlerMapping : Mapped "{[/dept/add]}" onto public java.lang.Object cn.stylefeng.guns.modular.system.controller.DeptController.add(cn.stylefeng.guns.modular.system.model.Dept)
2018-12-20 16:35:20.913  INFO 2372 --- [restartedMain] s.w.s.m.m.a.RequestMappingHandlerMapping : Mapped "{[/dept/update]}" onto public java.lang.Object cn.stylefeng.guns.modular.system.controller.DeptController.update(cn.stylefeng.guns.modular.system.model.Dept)
2018-12-20 16:35:20.913  INFO 2372 --- [restartedMain] s.w.s.m.m.a.RequestMappingHandlerMapping : Mapped "{[/dept/delete]}" onto public java.lang.Object cn.stylefeng.guns.modular.system.controller.DeptController.delete(java.lang.Integer)
2018-12-20 16:35:20.914  INFO 2372 --- [restartedMain] s.w.s.m.m.a.RequestMappingHandlerMapping : Mapped "{[/dept/list]}" onto public java.lang.Object cn.stylefeng.guns.modular.system.controller.DeptController.list(java.lang.String)
2018-12-20 16:35:20.914  INFO 2372 --- [restartedMain] s.w.s.m.m.a.RequestMappingHandlerMapping : Mapped "{[/dept/tree]}" onto public java.util.List<cn.stylefeng.guns.core.common.node.ZTreeNode> cn.stylefeng.guns.modular.system.controller.DeptController.tree()
2018-12-20 16:35:20.914  INFO 2372 --- [restartedMain] s.w.s.m.m.a.RequestMappingHandlerMapping : Mapped "{[/dept/detail/{deptId}]}" onto public java.lang.Object cn.stylefeng.guns.modular.system.controller.DeptController.detail(java.lang.Integer)
2018-12-20 16:35:20.914  INFO 2372 --- [restartedMain] s.w.s.m.m.a.RequestMappingHandlerMapping : Mapped "{[/dept/dept_update/{deptId}]}" onto public java.lang.String cn.stylefeng.guns.modular.system.controller.DeptController.deptUpdate(java.lang.Integer,org.springframework.ui.Model)
2018-12-20 16:35:20.915  INFO 2372 --- [restartedMain] s.w.s.m.m.a.RequestMappingHandlerMapping : Mapped "{[/dept/dept_add]}" onto public java.lang.String cn.stylefeng.guns.modular.system.controller.DeptController.deptAdd()
2018-12-20 16:35:20.915  INFO 2372 --- [restartedMain] s.w.s.m.m.a.RequestMappingHandlerMapping : Mapped "{[/dict]}" onto public java.lang.String cn.stylefeng.guns.modular.system.controller.DictController.index()
2018-12-20 16:35:20.916  INFO 2372 --- [restartedMain] s.w.s.m.m.a.RequestMappingHandlerMapping : Mapped "{[/dict/add]}" onto public java.lang.Object cn.stylefeng.guns.modular.system.controller.DictController.add(java.lang.String,java.lang.String,java.lang.String,java.lang.String)
2018-12-20 16:35:20.916  INFO 2372 --- [restartedMain] s.w.s.m.m.a.RequestMappingHandlerMapping : Mapped "{[/dict/update]}" onto public java.lang.Object cn.stylefeng.guns.modular.system.controller.DictController.update(java.lang.Integer,java.lang.String,java.lang.String,java.lang.String,java.lang.String)
2018-12-20 16:35:20.916  INFO 2372 --- [restartedMain] s.w.s.m.m.a.RequestMappingHandlerMapping : Mapped "{[/dict/delete]}" onto public java.lang.Object cn.stylefeng.guns.modular.system.controller.DictController.delete(java.lang.Integer)
2018-12-20 16:35:20.916  INFO 2372 --- [restartedMain] s.w.s.m.m.a.RequestMappingHandlerMapping : Mapped "{[/dict/list]}" onto public java.lang.Object cn.stylefeng.guns.modular.system.controller.DictController.list(java.lang.String)
2018-12-20 16:35:20.917  INFO 2372 --- [restartedMain] s.w.s.m.m.a.RequestMappingHandlerMapping : Mapped "{[/dict/detail/{dictId}]}" onto public java.lang.Object cn.stylefeng.guns.modular.system.controller.DictController.detail(java.lang.Integer)
2018-12-20 16:35:20.917  INFO 2372 --- [restartedMain] s.w.s.m.m.a.RequestMappingHandlerMapping : Mapped "{[/dict/dict_edit/{dictId}]}" onto public java.lang.String cn.stylefeng.guns.modular.system.controller.DictController.deptUpdate(java.lang.Integer,org.springframework.ui.Model)
2018-12-20 16:35:20.917  INFO 2372 --- [restartedMain] s.w.s.m.m.a.RequestMappingHandlerMapping : Mapped "{[/dict/dict_add]}" onto public java.lang.String cn.stylefeng.guns.modular.system.controller.DictController.deptAdd()
2018-12-20 16:35:20.918  INFO 2372 --- [restartedMain] s.w.s.m.m.a.RequestMappingHandlerMapping : Mapped "{[/kaptcha]}" onto public void cn.stylefeng.guns.modular.system.controller.KaptchaController.index(javax.servlet.http.HttpServletRequest,javax.servlet.http.HttpServletResponse)
2018-12-20 16:35:20.918  INFO 2372 --- [restartedMain] s.w.s.m.m.a.RequestMappingHandlerMapping : Mapped "{[/kaptcha/{pictureId}]}" onto public void cn.stylefeng.guns.modular.system.controller.KaptchaController.renderPicture(java.lang.String,javax.servlet.http.HttpServletResponse)
2018-12-20 16:35:20.918  INFO 2372 --- [restartedMain] s.w.s.m.m.a.RequestMappingHandlerMapping : Mapped "{[/log]}" onto public java.lang.String cn.stylefeng.guns.modular.system.controller.LogController.index()
2018-12-20 16:35:20.919  INFO 2372 --- [restartedMain] s.w.s.m.m.a.RequestMappingHandlerMapping : Mapped "{[/log/list]}" onto public java.lang.Object cn.stylefeng.guns.modular.system.controller.LogController.list(java.lang.String,java.lang.String,java.lang.String,java.lang.Integer)
2018-12-20 16:35:20.919  INFO 2372 --- [restartedMain] s.w.s.m.m.a.RequestMappingHandlerMapping : Mapped "{[/log/detail/{id}]}" onto public java.lang.Object cn.stylefeng.guns.modular.system.controller.LogController.detail(java.lang.Integer)
2018-12-20 16:35:20.919  INFO 2372 --- [restartedMain] s.w.s.m.m.a.RequestMappingHandlerMapping : Mapped "{[/log/delLog]}" onto public java.lang.Object cn.stylefeng.guns.modular.system.controller.LogController.delLog()
2018-12-20 16:35:20.919  INFO 2372 --- [restartedMain] s.w.s.m.m.a.RequestMappingHandlerMapping : Mapped "{[/],methods=[GET]}" onto public java.lang.String cn.stylefeng.guns.modular.system.controller.LoginController.index(org.springframework.ui.Model)
2018-12-20 16:35:20.919  INFO 2372 --- [restartedMain] s.w.s.m.m.a.RequestMappingHandlerMapping : Mapped "{[/logout],methods=[GET]}" onto public java.lang.String cn.stylefeng.guns.modular.system.controller.LoginController.logOut()
2018-12-20 16:35:20.919  INFO 2372 --- [restartedMain] s.w.s.m.m.a.RequestMappingHandlerMapping : Mapped "{[/login],methods=[POST]}" onto public java.lang.String cn.stylefeng.guns.modular.system.controller.LoginController.loginVali()
2018-12-20 16:35:20.920  INFO 2372 --- [restartedMain] s.w.s.m.m.a.RequestMappingHandlerMapping : Mapped "{[/login],methods=[GET]}" onto public java.lang.String cn.stylefeng.guns.modular.system.controller.LoginController.login()
2018-12-20 16:35:20.920  INFO 2372 --- [restartedMain] s.w.s.m.m.a.RequestMappingHandlerMapping : Mapped "{[/loginLog]}" onto public java.lang.String cn.stylefeng.guns.modular.system.controller.LoginLogController.index()
2018-12-20 16:35:20.920  INFO 2372 --- [restartedMain] s.w.s.m.m.a.RequestMappingHandlerMapping : Mapped "{[/loginLog/list]}" onto public java.lang.Object cn.stylefeng.guns.modular.system.controller.LoginLogController.list(java.lang.String,java.lang.String,java.lang.String)
2018-12-20 16:35:20.920  INFO 2372 --- [restartedMain] s.w.s.m.m.a.RequestMappingHandlerMapping : Mapped "{[/loginLog/delLoginLog]}" onto public java.lang.Object cn.stylefeng.guns.modular.system.controller.LoginLogController.delLog()
2018-12-20 16:35:20.921  INFO 2372 --- [restartedMain] s.w.s.m.m.a.RequestMappingHandlerMapping : Mapped "{[/menu]}" onto public java.lang.String cn.stylefeng.guns.modular.system.controller.MenuController.index()
2018-12-20 16:35:20.922  INFO 2372 --- [restartedMain] s.w.s.m.m.a.RequestMappingHandlerMapping : Mapped "{[/menu/add]}" onto public cn.stylefeng.roses.core.reqres.response.ResponseData cn.stylefeng.guns.modular.system.controller.MenuController.add(cn.stylefeng.guns.modular.system.model.Menu,org.springframework.validation.BindingResult)
2018-12-20 16:35:20.922  INFO 2372 --- [restartedMain] s.w.s.m.m.a.RequestMappingHandlerMapping : Mapped "{[/menu/remove]}" onto public cn.stylefeng.roses.core.reqres.response.ResponseData cn.stylefeng.guns.modular.system.controller.MenuController.remove(java.lang.Long)
2018-12-20 16:35:20.922  INFO 2372 --- [restartedMain] s.w.s.m.m.a.RequestMappingHandlerMapping : Mapped "{[/menu/list]}" onto public java.lang.Object cn.stylefeng.guns.modular.system.controller.MenuController.list(java.lang.String,java.lang.String)
2018-12-20 16:35:20.922  INFO 2372 --- [restartedMain] s.w.s.m.m.a.RequestMappingHandlerMapping : Mapped "{[/menu/view/{menuId}]}" onto public cn.stylefeng.roses.core.reqres.response.ResponseData cn.stylefeng.guns.modular.system.controller.MenuController.view(java.lang.Long)
2018-12-20 16:35:20.922  INFO 2372 --- [restartedMain] s.w.s.m.m.a.RequestMappingHandlerMapping : Mapped "{[/menu/edit]}" onto public cn.stylefeng.roses.core.reqres.response.ResponseData cn.stylefeng.guns.modular.system.controller.MenuController.edit(cn.stylefeng.guns.modular.system.model.Menu,org.springframework.validation.BindingResult)
2018-12-20 16:35:20.922  INFO 2372 --- [restartedMain] s.w.s.m.m.a.RequestMappingHandlerMapping : Mapped "{[/menu/menuTreeList]}" onto public java.util.List<cn.stylefeng.guns.core.common.node.ZTreeNode> cn.stylefeng.guns.modular.system.controller.MenuController.menuTreeList()
2018-12-20 16:35:20.922  INFO 2372 --- [restartedMain] s.w.s.m.m.a.RequestMappingHandlerMapping : Mapped "{[/menu/menu_edit/{menuId}]}" onto public java.lang.String cn.stylefeng.guns.modular.system.controller.MenuController.menuEdit(java.lang.Long,org.springframework.ui.Model)
2018-12-20 16:35:20.923  INFO 2372 --- [restartedMain] s.w.s.m.m.a.RequestMappingHandlerMapping : Mapped "{[/menu/menu_add]}" onto public java.lang.String cn.stylefeng.guns.modular.system.controller.MenuController.menuAdd()
2018-12-20 16:35:20.923  INFO 2372 --- [restartedMain] s.w.s.m.m.a.RequestMappingHandlerMapping : Mapped "{[/menu/selectMenuTreeList]}" onto public java.util.List<cn.stylefeng.guns.core.common.node.ZTreeNode> cn.stylefeng.guns.modular.system.controller.MenuController.selectMenuTreeList()
2018-12-20 16:35:20.923  INFO 2372 --- [restartedMain] s.w.s.m.m.a.RequestMappingHandlerMapping : Mapped "{[/menu/menuTreeListByRoleId/{roleId}]}" onto public java.util.List<cn.stylefeng.guns.core.common.node.ZTreeNode> cn.stylefeng.guns.modular.system.controller.MenuController.menuTreeListByRoleId(java.lang.Integer)
2018-12-20 16:35:20.924  INFO 2372 --- [restartedMain] s.w.s.m.m.a.RequestMappingHandlerMapping : Mapped "{[/notice]}" onto public java.lang.String cn.stylefeng.guns.modular.system.controller.NoticeController.index()
2018-12-20 16:35:20.924  INFO 2372 --- [restartedMain] s.w.s.m.m.a.RequestMappingHandlerMapping : Mapped "{[/notice/add]}" onto public java.lang.Object cn.stylefeng.guns.modular.system.controller.NoticeController.add(cn.stylefeng.guns.modular.system.model.Notice)
2018-12-20 16:35:20.924  INFO 2372 --- [restartedMain] s.w.s.m.m.a.RequestMappingHandlerMapping : Mapped "{[/notice/update]}" onto public java.lang.Object cn.stylefeng.guns.modular.system.controller.NoticeController.update(cn.stylefeng.guns.modular.system.model.Notice)
2018-12-20 16:35:20.924  INFO 2372 --- [restartedMain] s.w.s.m.m.a.RequestMappingHandlerMapping : Mapped "{[/notice/delete]}" onto public java.lang.Object cn.stylefeng.guns.modular.system.controller.NoticeController.delete(java.lang.Integer)
2018-12-20 16:35:20.925  INFO 2372 --- [restartedMain] s.w.s.m.m.a.RequestMappingHandlerMapping : Mapped "{[/notice/list]}" onto public java.lang.Object cn.stylefeng.guns.modular.system.controller.NoticeController.list(java.lang.String)
2018-12-20 16:35:20.925  INFO 2372 --- [restartedMain] s.w.s.m.m.a.RequestMappingHandlerMapping : Mapped "{[/notice/notice_add]}" onto public java.lang.String cn.stylefeng.guns.modular.system.controller.NoticeController.noticeAdd()
2018-12-20 16:35:20.925  INFO 2372 --- [restartedMain] s.w.s.m.m.a.RequestMappingHandlerMapping : Mapped "{[/notice/notice_update/{noticeId}]}" onto public java.lang.String cn.stylefeng.guns.modular.system.controller.NoticeController.noticeUpdate(java.lang.Integer,org.springframework.ui.Model)
2018-12-20 16:35:20.925  INFO 2372 --- [restartedMain] s.w.s.m.m.a.RequestMappingHandlerMapping : Mapped "{[/notice/hello]}" onto public java.lang.String cn.stylefeng.guns.modular.system.controller.NoticeController.hello()
2018-12-20 16:35:20.926  INFO 2372 --- [restartedMain] s.w.s.m.m.a.RequestMappingHandlerMapping : Mapped "{[/role]}" onto public java.lang.String cn.stylefeng.guns.modular.system.controller.RoleController.index()
2018-12-20 16:35:20.926  INFO 2372 --- [restartedMain] s.w.s.m.m.a.RequestMappingHandlerMapping : Mapped "{[/role/add]}" onto public cn.stylefeng.roses.core.reqres.response.ResponseData cn.stylefeng.guns.modular.system.controller.RoleController.add(cn.stylefeng.guns.modular.system.model.Role,org.springframework.validation.BindingResult)
2018-12-20 16:35:20.926  INFO 2372 --- [restartedMain] s.w.s.m.m.a.RequestMappingHandlerMapping : Mapped "{[/role/remove]}" onto public cn.stylefeng.roses.core.reqres.response.ResponseData cn.stylefeng.guns.modular.system.controller.RoleController.remove(java.lang.Integer)
2018-12-20 16:35:20.927  INFO 2372 --- [restartedMain] s.w.s.m.m.a.RequestMappingHandlerMapping : Mapped "{[/role/list]}" onto public java.lang.Object cn.stylefeng.guns.modular.system.controller.RoleController.list(java.lang.String)
2018-12-20 16:35:20.927  INFO 2372 --- [restartedMain] s.w.s.m.m.a.RequestMappingHandlerMapping : Mapped "{[/role/view/{roleId}]}" onto public cn.stylefeng.roses.core.reqres.response.ResponseData cn.stylefeng.guns.modular.system.controller.RoleController.view(java.lang.Integer)
2018-12-20 16:35:20.927  INFO 2372 --- [restartedMain] s.w.s.m.m.a.RequestMappingHandlerMapping : Mapped "{[/role/edit]}" onto public cn.stylefeng.roses.core.reqres.response.ResponseData cn.stylefeng.guns.modular.system.controller.RoleController.edit(cn.stylefeng.guns.modular.system.model.Role,org.springframework.validation.BindingResult)
2018-12-20 16:35:20.927  INFO 2372 --- [restartedMain] s.w.s.m.m.a.RequestMappingHandlerMapping : Mapped "{[/role/roleTreeList]}" onto public java.util.List<cn.stylefeng.guns.core.common.node.ZTreeNode> cn.stylefeng.guns.modular.system.controller.RoleController.roleTreeList()
2018-12-20 16:35:20.927  INFO 2372 --- [restartedMain] s.w.s.m.m.a.RequestMappingHandlerMapping : Mapped "{[/role/setAuthority]}" onto public cn.stylefeng.roses.core.reqres.response.ResponseData cn.stylefeng.guns.modular.system.controller.RoleController.setAuthority(java.lang.Integer,java.lang.String)
2018-12-20 16:35:20.927  INFO 2372 --- [restartedMain] s.w.s.m.m.a.RequestMappingHandlerMapping : Mapped "{[/role/role_assign/{roleId}]}" onto public java.lang.String cn.stylefeng.guns.modular.system.controller.RoleController.roleAssign(java.lang.Integer,org.springframework.ui.Model)
2018-12-20 16:35:20.928  INFO 2372 --- [restartedMain] s.w.s.m.m.a.RequestMappingHandlerMapping : Mapped "{[/role/role_edit/{roleId}]}" onto public java.lang.String cn.stylefeng.guns.modular.system.controller.RoleController.roleEdit(java.lang.Integer,org.springframework.ui.Model)
2018-12-20 16:35:20.928  INFO 2372 --- [restartedMain] s.w.s.m.m.a.RequestMappingHandlerMapping : Mapped "{[/role/role_add]}" onto public java.lang.String cn.stylefeng.guns.modular.system.controller.RoleController.roleAdd()
2018-12-20 16:35:20.928  INFO 2372 --- [restartedMain] s.w.s.m.m.a.RequestMappingHandlerMapping : Mapped "{[/role/roleTreeListByUserId/{userId}]}" onto public java.util.List<cn.stylefeng.guns.core.common.node.ZTreeNode> cn.stylefeng.guns.modular.system.controller.RoleController.roleTreeListByUserId(java.lang.Integer)
2018-12-20 16:35:20.930  INFO 2372 --- [restartedMain] s.w.s.m.m.a.RequestMappingHandlerMapping : Mapped "{[/mgr]}" onto public java.lang.String cn.stylefeng.guns.modular.system.controller.UserMgrController.index()
2018-12-20 16:35:20.930  INFO 2372 --- [restartedMain] s.w.s.m.m.a.RequestMappingHandlerMapping : Mapped "{[/mgr/add]}" onto public cn.stylefeng.roses.core.reqres.response.ResponseData cn.stylefeng.guns.modular.system.controller.UserMgrController.add(cn.stylefeng.guns.modular.system.transfer.UserDto,org.springframework.validation.BindingResult)
2018-12-20 16:35:20.930  INFO 2372 --- [restartedMain] s.w.s.m.m.a.RequestMappingHandlerMapping : Mapped "{[/mgr/delete]}" onto public cn.stylefeng.roses.core.reqres.response.ResponseData cn.stylefeng.guns.modular.system.controller.UserMgrController.delete(java.lang.Integer)
2018-12-20 16:35:20.930  INFO 2372 --- [restartedMain] s.w.s.m.m.a.RequestMappingHandlerMapping : Mapped "{[/mgr/list]}" onto public java.lang.Object cn.stylefeng.guns.modular.system.controller.UserMgrController.list(java.lang.String,java.lang.String,java.lang.String,java.lang.Integer)
2018-12-20 16:35:20.930  INFO 2372 --- [restartedMain] s.w.s.m.m.a.RequestMappingHandlerMapping : Mapped "{[/mgr/reset]}" onto public cn.stylefeng.roses.core.reqres.response.ResponseData cn.stylefeng.guns.modular.system.controller.UserMgrController.reset(java.lang.Integer)
2018-12-20 16:35:20.931  INFO 2372 --- [restartedMain] s.w.s.m.m.a.RequestMappingHandlerMapping : Mapped "{[/mgr/user_info]}" onto public java.lang.String cn.stylefeng.guns.modular.system.controller.UserMgrController.userInfo(org.springframework.ui.Model)
2018-12-20 16:35:20.931  INFO 2372 --- [restartedMain] s.w.s.m.m.a.RequestMappingHandlerMapping : Mapped "{[/mgr/freeze]}" onto public cn.stylefeng.roses.core.reqres.response.ResponseData cn.stylefeng.guns.modular.system.controller.UserMgrController.freeze(java.lang.Integer)
2018-12-20 16:35:20.931  INFO 2372 --- [restartedMain] s.w.s.m.m.a.RequestMappingHandlerMapping : Mapped "{[/mgr/setRole]}" onto public cn.stylefeng.roses.core.reqres.response.ResponseData cn.stylefeng.guns.modular.system.controller.UserMgrController.setRole(java.lang.Integer,java.lang.String)
2018-12-20 16:35:20.931  INFO 2372 --- [restartedMain] s.w.s.m.m.a.RequestMappingHandlerMapping : Mapped "{[/mgr/view/{userId}]}" onto public cn.stylefeng.guns.modular.system.model.User cn.stylefeng.guns.modular.system.controller.UserMgrController.view(java.lang.Integer)
2018-12-20 16:35:20.931  INFO 2372 --- [restartedMain] s.w.s.m.m.a.RequestMappingHandlerMapping : Mapped "{[/mgr/edit]}" onto public cn.stylefeng.roses.core.reqres.response.ResponseData cn.stylefeng.guns.modular.system.controller.UserMgrController.edit(cn.stylefeng.guns.modular.system.transfer.UserDto,org.springframework.validation.BindingResult) throws javax.naming.NoPermissionException
2018-12-20 16:35:20.931  INFO 2372 --- [restartedMain] s.w.s.m.m.a.RequestMappingHandlerMapping : Mapped "{[/mgr/user_add]}" onto public java.lang.String cn.stylefeng.guns.modular.system.controller.UserMgrController.addView()
2018-12-20 16:35:20.931  INFO 2372 --- [restartedMain] s.w.s.m.m.a.RequestMappingHandlerMapping : Mapped "{[/mgr/changePwd]}" onto public java.lang.Object cn.stylefeng.guns.modular.system.controller.UserMgrController.changePwd(java.lang.String,java.lang.String,java.lang.String)
2018-12-20 16:35:20.936  INFO 2372 --- [restartedMain] s.w.s.m.m.a.RequestMappingHandlerMapping : Mapped "{[/mgr/user_edit/{userId}]}" onto public java.lang.String cn.stylefeng.guns.modular.system.controller.UserMgrController.userEdit(java.lang.Integer,org.springframework.ui.Model)
2018-12-20 16:35:20.936  INFO 2372 --- [restartedMain] s.w.s.m.m.a.RequestMappingHandlerMapping : Mapped "{[/mgr/user_chpwd]}" onto public java.lang.String cn.stylefeng.guns.modular.system.controller.UserMgrController.chPwd()
2018-12-20 16:35:20.936  INFO 2372 --- [restartedMain] s.w.s.m.m.a.RequestMappingHandlerMapping : Mapped "{[/mgr/role_assign/{userId}]}" onto public java.lang.String cn.stylefeng.guns.modular.system.controller.UserMgrController.roleAssign(java.lang.Integer,org.springframework.ui.Model)
2018-12-20 16:35:20.936  INFO 2372 --- [restartedMain] s.w.s.m.m.a.RequestMappingHandlerMapping : Mapped "{[/mgr/unfreeze]}" onto public cn.stylefeng.roses.core.reqres.response.ResponseData cn.stylefeng.guns.modular.system.controller.UserMgrController.unfreeze(java.lang.Integer)
2018-12-20 16:35:20.936  INFO 2372 --- [restartedMain] s.w.s.m.m.a.RequestMappingHandlerMapping : Mapped "{[/mgr/upload],methods=[POST]}" onto public java.lang.String cn.stylefeng.guns.modular.system.controller.UserMgrController.upload(org.springframework.web.multipart.MultipartFile)
2018-12-20 16:35:20.937  INFO 2372 --- [restartedMain] s.w.s.m.m.a.RequestMappingHandlerMapping : Mapped "{[/code/generate],methods=[POST]}" onto public java.lang.Object cn.stylefeng.guns.generator.modular.controller.CodeController.generate(cn.stylefeng.guns.generator.executor.model.GenQo)
2018-12-20 16:35:20.937  INFO 2372 --- [restartedMain] s.w.s.m.m.a.RequestMappingHandlerMapping : Mapped "{[/code]}" onto public java.lang.String cn.stylefeng.guns.generator.modular.controller.CodeController.blackboard(org.springframework.ui.Model)
2018-12-20 16:35:20.940  INFO 2372 --- [restartedMain] s.w.s.m.m.a.RequestMappingHandlerMapping : Mapped "{[/swagger-resources/configuration/ui]}" onto public org.springframework.http.ResponseEntity<springfox.documentation.swagger.web.UiConfiguration> springfox.documentation.swagger.web.ApiResourceController.uiConfiguration()
2018-12-20 16:35:20.940  INFO 2372 --- [restartedMain] s.w.s.m.m.a.RequestMappingHandlerMapping : Mapped "{[/swagger-resources]}" onto public org.springframework.http.ResponseEntity<java.util.List<springfox.documentation.swagger.web.SwaggerResource>> springfox.documentation.swagger.web.ApiResourceController.swaggerResources()
2018-12-20 16:35:20.941  INFO 2372 --- [restartedMain] s.w.s.m.m.a.RequestMappingHandlerMapping : Mapped "{[/swagger-resources/configuration/security]}" onto public org.springframework.http.ResponseEntity<springfox.documentation.swagger.web.SecurityConfiguration> springfox.documentation.swagger.web.ApiResourceController.securityConfiguration()
2018-12-20 16:35:20.943  INFO 2372 --- [restartedMain] s.w.s.m.m.a.RequestMappingHandlerMapping : Mapped "{[/error]}" onto public org.springframework.http.ResponseEntity<java.util.Map<java.lang.String, java.lang.Object>> org.springframework.boot.autoconfigure.web.servlet.error.BasicErrorController.error(javax.servlet.http.HttpServletRequest)
2018-12-20 16:35:20.944  INFO 2372 --- [restartedMain] s.w.s.m.m.a.RequestMappingHandlerMapping : Mapped "{[/error],produces=[text/html]}" onto public org.springframework.web.servlet.ModelAndView org.springframework.boot.autoconfigure.web.servlet.error.BasicErrorController.errorHtml(javax.servlet.http.HttpServletRequest,javax.servlet.http.HttpServletResponse)
2018-12-20 16:35:21.294  INFO 2372 --- [restartedMain] pertySourcedRequestMappingHandlerMapping : Mapped URL path [/v2/api-docs] onto method [public org.springframework.http.ResponseEntity<springfox.documentation.spring.web.json.Json> springfox.documentation.swagger2.web.Swagger2Controller.getDocumentation(java.lang.String,javax.servlet.http.HttpServletRequest)]
2018-12-20 16:35:21.627  INFO 2372 --- [restartedMain] o.s.w.s.handler.SimpleUrlHandlerMapping  : Mapped URL path [/**/favicon.ico] onto handler of type [class org.springframework.web.servlet.resource.ResourceHttpRequestHandler]
2018-12-20 16:35:22.050  INFO 2372 --- [restartedMain] s.w.s.m.m.a.RequestMappingHandlerAdapter : Looking for @ControllerAdvice: org.springframework.boot.web.servlet.context.AnnotationConfigServletWebServerApplicationContext@66f15a97: startup date [Thu Dec 20 16:35:13 CST 2018]; root of context hierarchy
2018-12-20 16:35:22.200  INFO 2372 --- [restartedMain] o.s.w.s.handler.SimpleUrlHandlerMapping  : Mapped URL path [/webjars/**] onto handler of type [class org.springframework.web.servlet.resource.ResourceHttpRequestHandler]
2018-12-20 16:35:22.200  INFO 2372 --- [restartedMain] o.s.w.s.handler.SimpleUrlHandlerMapping  : Mapped URL path [/static/**] onto handler of type [class org.springframework.web.servlet.resource.ResourceHttpRequestHandler]
2018-12-20 16:35:22.200  INFO 2372 --- [restartedMain] o.s.w.s.handler.SimpleUrlHandlerMapping  : Mapped URL path [/swagger-ui.html] onto handler of type [class org.springframework.web.servlet.resource.ResourceHttpRequestHandler]
2018-12-20 16:35:22.250  INFO 2372 --- [restartedMain] .m.m.a.ExceptionHandlerExceptionResolver : Detected @ExceptionHandler methods in globalExceptionHandler
2018-12-20 16:35:22.250  INFO 2372 --- [restartedMain] .m.m.a.ExceptionHandlerExceptionResolver : Detected @ExceptionHandler methods in defaultControllerExceptionHandler
2018-12-20 16:35:22.807  INFO 2372 --- [restartedMain] o.s.b.d.a.OptionalLiveReloadServer       : LiveReload server is running on port 35729
2018-12-20 16:35:22.848  INFO 2372 --- [restartedMain] o.s.j.e.a.AnnotationMBeanExporter        : Registering beans for JMX exposure on startup
2018-12-20 16:35:22.858  INFO 2372 --- [restartedMain] o.s.c.support.DefaultLifecycleProcessor  : Starting beans in phase 2147483647
2018-12-20 16:35:22.858  INFO 2372 --- [restartedMain] d.s.w.p.DocumentationPluginsBootstrapper : Context refreshed
2018-12-20 16:35:22.888  INFO 2372 --- [restartedMain] d.s.w.p.DocumentationPluginsBootstrapper : Found 1 custom documentation plugin(s)
2018-12-20 16:35:22.952  INFO 2372 --- [restartedMain] s.d.s.w.s.ApiListingReferenceScanner     : Scanning for api listing references
2018-12-20 16:35:23.005  INFO 2372 --- [restartedMain] o.s.b.w.embedded.tomcat.TomcatWebServer  : Tomcat started on port(s): 8888 (http) with context path '/financial'
2018-12-20 16:35:23.015  INFO 2372 --- [restartedMain] cn.stylefeng.guns.GunsApplication        : Started GunsApplication in 10.203 seconds (JVM running for 13.175)
2018-12-20 16:35:23.214  INFO 2372 --- [restartedMain] cn.stylefeng.guns.GunsApplication        : GunsApplication is success!
2018-12-20 16:35:41.718 ERROR 2372 --- [http-nio-8888-exec-1] o.a.catalina.core.AprLifecycleListener   : An incompatible version [1.1.29] of the APR based Apache Tomcat Native library is installed, while Tomcat requires version [1.2.14]
2018-12-20 16:35:41.735  INFO 2372 --- [http-nio-8888-exec-1] o.apache.tomcat.util.http.parser.Cookie  : A cookie header was received [1545008650,1545096338,1545278129] that contained an invalid cookie. That cookie will be ignored.Note: further occurrences of this error will be logged at DEBUG level.
2018-12-20 16:35:41.749  INFO 2372 --- [http-nio-8888-exec-1] o.a.c.c.C.[.[localhost].[/financial]     : Initializing Spring FrameworkServlet 'dispatcherServlet'
2018-12-20 16:35:41.749  INFO 2372 --- [http-nio-8888-exec-1] o.s.web.servlet.DispatcherServlet        : FrameworkServlet 'dispatcherServlet': initialization started
2018-12-20 16:35:41.783  INFO 2372 --- [http-nio-8888-exec-1] o.s.web.servlet.DispatcherServlet        : FrameworkServlet 'dispatcherServlet': initialization completed in 34 ms
2018-12-20 16:35:41.797  INFO 2372 --- [http-nio-8888-exec-1] a.s.s.m.AbstractValidatingSessionManager : Enabling session validation scheduler...
2018-12-20 16:35:42.415 ERROR 2372 --- [http-nio-8888-exec-6] o.a.catalina.core.AprLifecycleListener   : An incompatible version [1.1.29] of the APR based Apache Tomcat Native library is installed, while Tomcat requires version [1.2.14]
2018-12-20 16:35:42.415 ERROR 2372 --- [http-nio-8888-exec-8] o.a.catalina.core.AprLifecycleListener   : An incompatible version [1.1.29] of the APR based Apache Tomcat Native library is installed, while Tomcat requires version [1.2.14]
2018-12-20 16:35:42.416 ERROR 2372 --- [http-nio-8888-exec-5] o.a.catalina.core.AprLifecycleListener   : An incompatible version [1.1.29] of the APR based Apache Tomcat Native library is installed, while Tomcat requires version [1.2.14]
2018-12-20 16:35:42.426 ERROR 2372 --- [http-nio-8888-exec-4] o.a.catalina.core.AprLifecycleListener   : An incompatible version [1.1.29] of the APR based Apache Tomcat Native library is installed, while Tomcat requires version [1.2.14]
2018-12-20 16:35:42.429 ERROR 2372 --- [http-nio-8888-exec-7] o.a.catalina.core.AprLifecycleListener   : An incompatible version [1.1.29] of the APR based Apache Tomcat Native library is installed, while Tomcat requires version [1.2.14]
