2018-12-11 08:56:13.166 ERROR 14320 --- [restartedMain] o.a.catalina.core.AprLifecycleListener   : An incompatible version [1.1.29] of the APR based Apache Tomcat Native library is installed, while Tomcat requires version [1.2.14]
2018-12-11 08:56:13.402 ERROR 14320 --- [restartedMain] o.a.catalina.core.AprLifecycleListener   : An incompatible version [1.1.29] of the APR based Apache Tomcat Native library is installed, while Tomcat requires version [1.2.14]
2018-12-11 08:56:13.432 ERROR 14320 --- [localhost-startStop-1] o.a.catalina.core.AprLifecycleListener   : An incompatible version [1.1.29] of the APR based Apache Tomcat Native library is installed, while Tomcat requires version [1.2.14]
2018-12-11 08:57:02.965 ERROR 14320 --- [http-nio-8888-exec-1] o.a.catalina.core.AprLifecycleListener   : An incompatible version [1.1.29] of the APR based Apache Tomcat Native library is installed, while Tomcat requires version [1.2.14]
2018-12-11 08:57:03.978 ERROR 14320 --- [http-nio-8888-exec-6] o.a.catalina.core.AprLifecycleListener   : An incompatible version [1.1.29] of the APR based Apache Tomcat Native library is installed, while Tomcat requires version [1.2.14]
2018-12-11 08:57:03.990 ERROR 14320 --- [http-nio-8888-exec-7] o.a.catalina.core.AprLifecycleListener   : An incompatible version [1.1.29] of the APR based Apache Tomcat Native library is installed, while Tomcat requires version [1.2.14]
2018-12-11 08:57:03.991 ERROR 14320 --- [http-nio-8888-exec-5] o.a.catalina.core.AprLifecycleListener   : An incompatible version [1.1.29] of the APR based Apache Tomcat Native library is installed, while Tomcat requires version [1.2.14]
2018-12-11 08:57:04.003 ERROR 14320 --- [http-nio-8888-exec-4] o.a.catalina.core.AprLifecycleListener   : An incompatible version [1.1.29] of the APR based Apache Tomcat Native library is installed, while Tomcat requires version [1.2.14]
2018-12-11 08:57:16.371 ERROR 14320 --- [http-nio-8888-exec-9] cn.stylefeng.roses.core.util.FileUtil    : 文件未找到！C:\Users\gz\AppData\Local\Temp\5aaca485-ceea-4d30-888a-ca45ad59b2d2.png
2018-12-11 08:57:16.717 ERROR 14320 --- [http-nio-8888-exec-6] o.a.catalina.core.AprLifecycleListener   : An incompatible version [1.1.29] of the APR based Apache Tomcat Native library is installed, while Tomcat requires version [1.2.14]
2018-12-11 09:19:55.953 ERROR 14320 --- [http-nio-8888-exec-7] cn.stylefeng.roses.core.util.FileUtil    : 文件未找到！C:\Users\gz\AppData\Local\Temp\5aaca485-ceea-4d30-888a-ca45ad59b2d2.png
2018-12-11 09:19:57.150 ERROR 14320 --- [http-nio-8888-exec-5] cn.stylefeng.roses.core.util.FileUtil    : 文件未找到！C:\Users\gz\AppData\Local\Temp\5aaca485-ceea-4d30-888a-ca45ad59b2d2.png
2018-12-11 09:40:51.812 ERROR 12704 --- [restartedMain] o.a.catalina.core.AprLifecycleListener   : An incompatible version [1.1.29] of the APR based Apache Tomcat Native library is installed, while Tomcat requires version [1.2.14]
2018-12-11 09:40:51.970 ERROR 12704 --- [restartedMain] o.a.catalina.core.AprLifecycleListener   : An incompatible version [1.1.29] of the APR based Apache Tomcat Native library is installed, while Tomcat requires version [1.2.14]
2018-12-11 09:40:51.983 ERROR 12704 --- [localhost-startStop-1] o.a.catalina.core.AprLifecycleListener   : An incompatible version [1.1.29] of the APR based Apache Tomcat Native library is installed, while Tomcat requires version [1.2.14]
2018-12-11 09:43:20.187 ERROR 4340 --- [restartedMain] o.a.catalina.core.AprLifecycleListener   : An incompatible version [1.1.29] of the APR based Apache Tomcat Native library is installed, while Tomcat requires version [1.2.14]
2018-12-11 09:43:20.347 ERROR 4340 --- [restartedMain] o.a.catalina.core.AprLifecycleListener   : An incompatible version [1.1.29] of the APR based Apache Tomcat Native library is installed, while Tomcat requires version [1.2.14]
2018-12-11 09:43:20.361 ERROR 4340 --- [localhost-startStop-1] o.a.catalina.core.AprLifecycleListener   : An incompatible version [1.1.29] of the APR based Apache Tomcat Native library is installed, while Tomcat requires version [1.2.14]
2018-12-11 09:44:08.638 ERROR 4340 --- [http-nio-8888-exec-2] o.a.catalina.core.AprLifecycleListener   : An incompatible version [1.1.29] of the APR based Apache Tomcat Native library is installed, while Tomcat requires version [1.2.14]
2018-12-11 09:44:11.229 ERROR 4340 --- [http-nio-8888-exec-6] o.a.catalina.core.AprLifecycleListener   : An incompatible version [1.1.29] of the APR based Apache Tomcat Native library is installed, while Tomcat requires version [1.2.14]
2018-12-11 09:44:11.254 ERROR 4340 --- [http-nio-8888-exec-5] cn.stylefeng.roses.core.util.FileUtil    : 文件未找到！C:\Users\gz\AppData\Local\Temp\5aaca485-ceea-4d30-888a-ca45ad59b2d2.png
2018-12-11 09:44:37.113 ERROR 4340 --- [http-nio-8888-exec-6] cn.stylefeng.roses.core.util.FileUtil    : 文件未找到！C:\Users\gz\AppData\Local\Temp\5aaca485-ceea-4d30-888a-ca45ad59b2d2.png
2018-12-11 09:45:07.610 ERROR 4340 --- [http-nio-8888-exec-6] o.a.catalina.core.AprLifecycleListener   : An incompatible version [1.1.29] of the APR based Apache Tomcat Native library is installed, while Tomcat requires version [1.2.14]
2018-12-11 09:45:07.611 ERROR 4340 --- [http-nio-8888-exec-9] o.a.catalina.core.AprLifecycleListener   : An incompatible version [1.1.29] of the APR based Apache Tomcat Native library is installed, while Tomcat requires version [1.2.14]
2018-12-11 09:45:07.612 ERROR 4340 --- [http-nio-8888-exec-7] o.a.catalina.core.AprLifecycleListener   : An incompatible version [1.1.29] of the APR based Apache Tomcat Native library is installed, while Tomcat requires version [1.2.14]
2018-12-11 09:45:07.617 ERROR 4340 --- [http-nio-8888-exec-8] o.a.catalina.core.AprLifecycleListener   : An incompatible version [1.1.29] of the APR based Apache Tomcat Native library is installed, while Tomcat requires version [1.2.14]
2018-12-11 09:45:24.913 ERROR 4340 --- [http-nio-8888-exec-6] cn.stylefeng.roses.core.util.FileUtil    : 文件未找到！C:\Users\gz\AppData\Local\Temp\5aaca485-ceea-4d30-888a-ca45ad59b2d2.png
2018-12-11 09:46:06.958 ERROR 4340 --- [http-nio-8888-exec-8] cn.stylefeng.roses.core.util.FileUtil    : 文件未找到！C:\Users\gz\AppData\Local\Temp\5aaca485-ceea-4d30-888a-ca45ad59b2d2.png
2018-12-11 09:48:52.434 ERROR 6404 --- [restartedMain] o.a.catalina.core.AprLifecycleListener   : An incompatible version [1.1.29] of the APR based Apache Tomcat Native library is installed, while Tomcat requires version [1.2.14]
2018-12-11 09:48:52.588 ERROR 6404 --- [restartedMain] o.a.catalina.core.AprLifecycleListener   : An incompatible version [1.1.29] of the APR based Apache Tomcat Native library is installed, while Tomcat requires version [1.2.14]
2018-12-11 09:48:52.602 ERROR 6404 --- [localhost-startStop-1] o.a.catalina.core.AprLifecycleListener   : An incompatible version [1.1.29] of the APR based Apache Tomcat Native library is installed, while Tomcat requires version [1.2.14]
2018-12-11 09:49:58.692 ERROR 6404 --- [http-nio-8888-exec-1] o.a.catalina.core.AprLifecycleListener   : An incompatible version [1.1.29] of the APR based Apache Tomcat Native library is installed, while Tomcat requires version [1.2.14]
2018-12-11 09:49:59.227 ERROR 6404 --- [http-nio-8888-exec-8] o.a.catalina.core.AprLifecycleListener   : An incompatible version [1.1.29] of the APR based Apache Tomcat Native library is installed, while Tomcat requires version [1.2.14]
2018-12-11 09:49:59.229 ERROR 6404 --- [http-nio-8888-exec-9] o.a.catalina.core.AprLifecycleListener   : An incompatible version [1.1.29] of the APR based Apache Tomcat Native library is installed, while Tomcat requires version [1.2.14]
2018-12-11 09:49:59.229 ERROR 6404 --- [http-nio-8888-exec-4] o.a.catalina.core.AprLifecycleListener   : An incompatible version [1.1.29] of the APR based Apache Tomcat Native library is installed, while Tomcat requires version [1.2.14]
2018-12-11 09:49:59.230 ERROR 6404 --- [http-nio-8888-exec-10] o.a.catalina.core.AprLifecycleListener   : An incompatible version [1.1.29] of the APR based Apache Tomcat Native library is installed, while Tomcat requires version [1.2.14]
2018-12-11 09:50:00.500 ERROR 6404 --- [http-nio-8888-exec-8] o.a.catalina.core.AprLifecycleListener   : An incompatible version [1.1.29] of the APR based Apache Tomcat Native library is installed, while Tomcat requires version [1.2.14]
2018-12-11 09:50:00.589 ERROR 6404 --- [http-nio-8888-exec-8] cn.stylefeng.roses.core.util.FileUtil    : 文件未找到！C:\Users\gz\AppData\Local\Temp\5aaca485-ceea-4d30-888a-ca45ad59b2d2.png
2018-12-11 09:50:01.026 ERROR 6404 --- [http-nio-8888-exec-5] cn.stylefeng.roses.core.util.FileUtil    : 文件未找到！C:\Users\gz\AppData\Local\Temp\5aaca485-ceea-4d30-888a-ca45ad59b2d2.png
2018-12-11 09:50:45.845 ERROR 3472 --- [restartedMain] o.a.catalina.core.AprLifecycleListener   : An incompatible version [1.1.29] of the APR based Apache Tomcat Native library is installed, while Tomcat requires version [1.2.14]
2018-12-11 09:50:46.009 ERROR 3472 --- [restartedMain] o.a.catalina.core.AprLifecycleListener   : An incompatible version [1.1.29] of the APR based Apache Tomcat Native library is installed, while Tomcat requires version [1.2.14]
2018-12-11 09:50:46.025 ERROR 3472 --- [localhost-startStop-1] o.a.catalina.core.AprLifecycleListener   : An incompatible version [1.1.29] of the APR based Apache Tomcat Native library is installed, while Tomcat requires version [1.2.14]
2018-12-11 09:51:06.553 ERROR 3472 --- [http-nio-8888-exec-1] o.a.catalina.core.AprLifecycleListener   : An incompatible version [1.1.29] of the APR based Apache Tomcat Native library is installed, while Tomcat requires version [1.2.14]
2018-12-11 09:51:07.066 ERROR 3472 --- [http-nio-8888-exec-2] o.a.catalina.core.AprLifecycleListener   : An incompatible version [1.1.29] of the APR based Apache Tomcat Native library is installed, while Tomcat requires version [1.2.14]
2018-12-11 09:51:07.067 ERROR 3472 --- [http-nio-8888-exec-3] o.a.catalina.core.AprLifecycleListener   : An incompatible version [1.1.29] of the APR based Apache Tomcat Native library is installed, while Tomcat requires version [1.2.14]
2018-12-11 09:51:07.069 ERROR 3472 --- [http-nio-8888-exec-5] o.a.catalina.core.AprLifecycleListener   : An incompatible version [1.1.29] of the APR based Apache Tomcat Native library is installed, while Tomcat requires version [1.2.14]
2018-12-11 09:51:07.087 ERROR 3472 --- [http-nio-8888-exec-6] o.a.catalina.core.AprLifecycleListener   : An incompatible version [1.1.29] of the APR based Apache Tomcat Native library is installed, while Tomcat requires version [1.2.14]
2018-12-11 09:51:08.435 ERROR 3472 --- [http-nio-8888-exec-4] cn.stylefeng.roses.core.util.FileUtil    : 文件未找到！C:\Users\gz\AppData\Local\Temp\5aaca485-ceea-4d30-888a-ca45ad59b2d2.png
2018-12-11 09:51:08.410 ERROR 3472 --- [http-nio-8888-exec-5] o.a.catalina.core.AprLifecycleListener   : An incompatible version [1.1.29] of the APR based Apache Tomcat Native library is installed, while Tomcat requires version [1.2.14]
2018-12-11 09:51:08.590 ERROR 3472 --- [http-nio-8888-exec-7] cn.stylefeng.roses.core.util.FileUtil    : 文件未找到！C:\Users\gz\AppData\Local\Temp\5aaca485-ceea-4d30-888a-ca45ad59b2d2.png
2018-12-11 09:51:29.952 ERROR 3472 --- [http-nio-8888-exec-5] cn.stylefeng.roses.core.util.FileUtil    : 文件未找到！C:\Users\gz\AppData\Local\Temp\5aaca485-ceea-4d30-888a-ca45ad59b2d2.png
2018-12-11 09:52:01.053 ERROR 3472 --- [http-nio-8888-exec-6] cn.stylefeng.roses.core.util.FileUtil    : 文件未找到！C:\Users\gz\AppData\Local\Temp\5aaca485-ceea-4d30-888a-ca45ad59b2d2.png
2018-12-11 09:52:24.748 ERROR 3472 --- [http-nio-8888-exec-2] cn.stylefeng.roses.core.util.FileUtil    : 文件未找到！C:\Users\gz\AppData\Local\Temp\5aaca485-ceea-4d30-888a-ca45ad59b2d2.png
2018-12-11 14:11:26.852 ERROR 8772 --- [restartedMain] o.a.catalina.core.AprLifecycleListener   : An incompatible version [1.1.29] of the APR based Apache Tomcat Native library is installed, while Tomcat requires version [1.2.14]
2018-12-11 14:11:27.215 ERROR 8772 --- [restartedMain] o.a.catalina.core.AprLifecycleListener   : An incompatible version [1.1.29] of the APR based Apache Tomcat Native library is installed, while Tomcat requires version [1.2.14]
2018-12-11 14:11:27.282 ERROR 8772 --- [localhost-startStop-1] o.a.catalina.core.AprLifecycleListener   : An incompatible version [1.1.29] of the APR based Apache Tomcat Native library is installed, while Tomcat requires version [1.2.14]
2018-12-11 14:12:54.708 ERROR 8772 --- [http-nio-8888-exec-1] o.a.catalina.core.AprLifecycleListener   : An incompatible version [1.1.29] of the APR based Apache Tomcat Native library is installed, while Tomcat requires version [1.2.14]
2018-12-11 14:13:04.671 ERROR 8772 --- [http-nio-8888-exec-6] o.a.catalina.core.AprLifecycleListener   : An incompatible version [1.1.29] of the APR based Apache Tomcat Native library is installed, while Tomcat requires version [1.2.14]
2018-12-11 14:13:04.724 ERROR 8772 --- [http-nio-8888-exec-6] cn.stylefeng.roses.core.util.FileUtil    : 文件未找到！C:\Users\gz\AppData\Local\Temp\5aaca485-ceea-4d30-888a-ca45ad59b2d2.png
2018-12-11 14:28:32.251 ERROR 1352 --- [restartedMain] o.a.catalina.core.AprLifecycleListener   : An incompatible version [1.1.29] of the APR based Apache Tomcat Native library is installed, while Tomcat requires version [1.2.14]
2018-12-11 14:28:32.430 ERROR 1352 --- [restartedMain] o.a.catalina.core.AprLifecycleListener   : An incompatible version [1.1.29] of the APR based Apache Tomcat Native library is installed, while Tomcat requires version [1.2.14]
2018-12-11 14:28:32.447 ERROR 1352 --- [localhost-startStop-1] o.a.catalina.core.AprLifecycleListener   : An incompatible version [1.1.29] of the APR based Apache Tomcat Native library is installed, while Tomcat requires version [1.2.14]
2018-12-11 14:33:21.558 ERROR 1352 --- [http-nio-8888-exec-2] o.a.catalina.core.AprLifecycleListener   : An incompatible version [1.1.29] of the APR based Apache Tomcat Native library is installed, while Tomcat requires version [1.2.14]
2018-12-11 14:57:19.355 ERROR 12328 --- [restartedMain] o.a.catalina.core.AprLifecycleListener   : An incompatible version [1.1.29] of the APR based Apache Tomcat Native library is installed, while Tomcat requires version [1.2.14]
2018-12-11 14:57:19.652 ERROR 12328 --- [restartedMain] o.a.catalina.core.AprLifecycleListener   : An incompatible version [1.1.29] of the APR based Apache Tomcat Native library is installed, while Tomcat requires version [1.2.14]
2018-12-11 14:57:19.682 ERROR 12328 --- [localhost-startStop-1] o.a.catalina.core.AprLifecycleListener   : An incompatible version [1.1.29] of the APR based Apache Tomcat Native library is installed, while Tomcat requires version [1.2.14]
2018-12-11 14:57:39.504 ERROR 12328 --- [http-nio-8888-exec-1] o.a.catalina.core.AprLifecycleListener   : An incompatible version [1.1.29] of the APR based Apache Tomcat Native library is installed, while Tomcat requires version [1.2.14]
2018-12-11 14:57:40.630 ERROR 12328 --- [http-nio-8888-exec-4] o.a.catalina.core.AprLifecycleListener   : An incompatible version [1.1.29] of the APR based Apache Tomcat Native library is installed, while Tomcat requires version [1.2.14]
2018-12-11 14:57:40.631 ERROR 12328 --- [http-nio-8888-exec-7] o.a.catalina.core.AprLifecycleListener   : An incompatible version [1.1.29] of the APR based Apache Tomcat Native library is installed, while Tomcat requires version [1.2.14]
2018-12-11 14:57:40.632 ERROR 12328 --- [http-nio-8888-exec-6] o.a.catalina.core.AprLifecycleListener   : An incompatible version [1.1.29] of the APR based Apache Tomcat Native library is installed, while Tomcat requires version [1.2.14]
2018-12-11 14:57:40.632 ERROR 12328 --- [http-nio-8888-exec-5] o.a.catalina.core.AprLifecycleListener   : An incompatible version [1.1.29] of the APR based Apache Tomcat Native library is installed, while Tomcat requires version [1.2.14]
2018-12-11 14:57:42.878 ERROR 12328 --- [http-nio-8888-exec-9] cn.stylefeng.roses.core.util.FileUtil    : 文件未找到！C:\Users\gz\AppData\Local\Temp\5aaca485-ceea-4d30-888a-ca45ad59b2d2.png
2018-12-11 14:57:42.873 ERROR 12328 --- [http-nio-8888-exec-7] o.a.catalina.core.AprLifecycleListener   : An incompatible version [1.1.29] of the APR based Apache Tomcat Native library is installed, while Tomcat requires version [1.2.14]
2018-12-11 15:03:39.341 ERROR 12328 --- [http-nio-8888-exec-3] cn.stylefeng.roses.core.util.FileUtil    : 文件未找到！C:\Users\gz\AppData\Local\Temp\5aaca485-ceea-4d30-888a-ca45ad59b2d2.png
2018-12-11 15:08:59.695 ERROR 12328 --- [http-nio-8888-exec-4] cn.stylefeng.roses.core.util.FileUtil    : 文件未找到！C:\Users\gz\AppData\Local\Temp\5aaca485-ceea-4d30-888a-ca45ad59b2d2.png
2018-12-12 08:54:54.150 ERROR 13928 --- [restartedMain] o.a.catalina.core.AprLifecycleListener   : An incompatible version [1.1.29] of the APR based Apache Tomcat Native library is installed, while Tomcat requires version [1.2.14]
2018-12-12 08:54:54.359 ERROR 13928 --- [restartedMain] o.a.catalina.core.AprLifecycleListener   : An incompatible version [1.1.29] of the APR based Apache Tomcat Native library is installed, while Tomcat requires version [1.2.14]
2018-12-12 08:54:54.377 ERROR 12140 --- [restartedMain] o.a.catalina.core.AprLifecycleListener   : An incompatible version [1.1.29] of the APR based Apache Tomcat Native library is installed, while Tomcat requires version [1.2.14]
2018-12-12 08:54:54.400 ERROR 13928 --- [localhost-startStop-1] o.a.catalina.core.AprLifecycleListener   : An incompatible version [1.1.29] of the APR based Apache Tomcat Native library is installed, while Tomcat requires version [1.2.14]
2018-12-12 08:54:54.715 ERROR 12140 --- [restartedMain] o.a.catalina.core.AprLifecycleListener   : An incompatible version [1.1.29] of the APR based Apache Tomcat Native library is installed, while Tomcat requires version [1.2.14]
2018-12-12 08:54:54.733 ERROR 12140 --- [localhost-startStop-1] o.a.catalina.core.AprLifecycleListener   : An incompatible version [1.1.29] of the APR based Apache Tomcat Native library is installed, while Tomcat requires version [1.2.14]
2018-12-12 08:55:03.306 ERROR 12140 --- [restartedMain] o.a.catalina.core.AprLifecycleListener   : An incompatible version [1.1.29] of the APR based Apache Tomcat Native library is installed, while Tomcat requires version [1.2.14]
2018-12-12 08:55:03.307 ERROR 12140 --- [restartedMain] o.a.catalina.core.AprLifecycleListener   : An incompatible version [1.1.29] of the APR based Apache Tomcat Native library is installed, while Tomcat requires version [1.2.14]
2018-12-12 08:55:03.310 ERROR 12140 --- [restartedMain] o.apache.catalina.core.StandardService   : Failed to start connector [Connector[HTTP/1.1-8888]]

org.apache.catalina.LifecycleException: Failed to start component [Connector[HTTP/1.1-8888]]
	at org.apache.catalina.util.LifecycleBase.start(LifecycleBase.java:167)
	at org.apache.catalina.core.StandardService.addConnector(StandardService.java:225)
	at org.springframework.boot.web.embedded.tomcat.TomcatWebServer.addPreviouslyRemovedConnectors(TomcatWebServer.java:256)
	at org.springframework.boot.web.embedded.tomcat.TomcatWebServer.start(TomcatWebServer.java:198)
	at org.springframework.boot.web.servlet.context.ServletWebServerApplicationContext.startWebServer(ServletWebServerApplicationContext.java:300)
	at org.springframework.boot.web.servlet.context.ServletWebServerApplicationContext.finishRefresh(ServletWebServerApplicationContext.java:162)
	at org.springframework.context.support.AbstractApplicationContext.refresh(AbstractApplicationContext.java:553)
	at org.springframework.boot.web.servlet.context.ServletWebServerApplicationContext.refresh(ServletWebServerApplicationContext.java:140)
	at org.springframework.boot.SpringApplication.refresh(SpringApplication.java:759)
	at org.springframework.boot.SpringApplication.refreshContext(SpringApplication.java:395)
	at org.springframework.boot.SpringApplication.run(SpringApplication.java:327)
	at org.springframework.boot.SpringApplication.run(SpringApplication.java:1255)
	at org.springframework.boot.SpringApplication.run(SpringApplication.java:1243)
	at cn.stylefeng.guns.GunsApplication.main(GunsApplication.java:37)
	at sun.reflect.NativeMethodAccessorImpl.invoke0(Native Method)
	at sun.reflect.NativeMethodAccessorImpl.invoke(NativeMethodAccessorImpl.java:62)
	at sun.reflect.DelegatingMethodAccessorImpl.invoke(DelegatingMethodAccessorImpl.java:43)
	at java.lang.reflect.Method.invoke(Method.java:498)
	at org.springframework.boot.devtools.restart.RestartLauncher.run(RestartLauncher.java:49)
Caused by: org.apache.catalina.LifecycleException: Protocol handler start failed
	at org.apache.catalina.connector.Connector.startInternal(Connector.java:1020)
	at org.apache.catalina.util.LifecycleBase.start(LifecycleBase.java:150)
	... 18 common frames omitted
Caused by: java.net.BindException: Address already in use: bind
	at sun.nio.ch.Net.bind0(Native Method)
	at sun.nio.ch.Net.bind(Net.java:433)
	at sun.nio.ch.Net.bind(Net.java:425)
	at sun.nio.ch.ServerSocketChannelImpl.bind(ServerSocketChannelImpl.java:223)
	at sun.nio.ch.ServerSocketAdaptor.bind(ServerSocketAdaptor.java:74)
	at org.apache.tomcat.util.net.NioEndpoint.bind(NioEndpoint.java:210)
	at org.apache.tomcat.util.net.AbstractEndpoint.start(AbstractEndpoint.java:1150)
	at org.apache.coyote.AbstractProtocol.start(AbstractProtocol.java:591)
	at org.apache.catalina.connector.Connector.startInternal(Connector.java:1018)
	... 19 common frames omitted

2018-12-12 08:55:03.358 ERROR 12140 --- [restartedMain] o.s.b.d.LoggingFailureAnalysisReporter   : 

***************************
APPLICATION FAILED TO START
***************************

Description:

The Tomcat connector configured to listen on port 8888 failed to start. The port may already be in use or the connector may be misconfigured.

Action:

Verify the connector's configuration, identify and stop any process that's listening on port 8888, or configure this application to listen on another port.

2018-12-12 08:56:19.914 ERROR 13928 --- [http-nio-8888-exec-1] o.a.catalina.core.AprLifecycleListener   : An incompatible version [1.1.29] of the APR based Apache Tomcat Native library is installed, while Tomcat requires version [1.2.14]
2018-12-12 08:56:33.377 ERROR 13928 --- [http-nio-8888-exec-7] o.a.catalina.core.AprLifecycleListener   : An incompatible version [1.1.29] of the APR based Apache Tomcat Native library is installed, while Tomcat requires version [1.2.14]
2018-12-12 08:56:33.397 ERROR 13928 --- [http-nio-8888-exec-6] cn.stylefeng.roses.core.util.FileUtil    : 文件未找到！C:\Users\gz\AppData\Local\Temp\5aaca485-ceea-4d30-888a-ca45ad59b2d2.png
2018-12-12 09:01:25.939 ERROR 9700 --- [restartedMain] o.a.catalina.core.AprLifecycleListener   : An incompatible version [1.1.29] of the APR based Apache Tomcat Native library is installed, while Tomcat requires version [1.2.14]
2018-12-12 09:01:26.091 ERROR 9700 --- [restartedMain] o.a.catalina.core.AprLifecycleListener   : An incompatible version [1.1.29] of the APR based Apache Tomcat Native library is installed, while Tomcat requires version [1.2.14]
2018-12-12 09:01:26.104 ERROR 9700 --- [localhost-startStop-1] o.a.catalina.core.AprLifecycleListener   : An incompatible version [1.1.29] of the APR based Apache Tomcat Native library is installed, while Tomcat requires version [1.2.14]
2018-12-12 09:02:13.792 ERROR 9700 --- [http-nio-8888-exec-1] o.a.catalina.core.AprLifecycleListener   : An incompatible version [1.1.29] of the APR based Apache Tomcat Native library is installed, while Tomcat requires version [1.2.14]
2018-12-12 09:02:15.875 ERROR 9700 --- [http-nio-8888-exec-4] o.a.catalina.core.AprLifecycleListener   : An incompatible version [1.1.29] of the APR based Apache Tomcat Native library is installed, while Tomcat requires version [1.2.14]
2018-12-12 09:02:15.890 ERROR 9700 --- [http-nio-8888-exec-6] cn.stylefeng.roses.core.util.FileUtil    : 文件未找到！C:\Users\gz\AppData\Local\Temp\5aaca485-ceea-4d30-888a-ca45ad59b2d2.png
2018-12-12 09:02:25.146 ERROR 9700 --- [http-nio-8888-exec-2] cn.stylefeng.roses.core.util.FileUtil    : 文件未找到！C:\Users\gz\AppData\Local\Temp\5aaca485-ceea-4d30-888a-ca45ad59b2d2.png
2018-12-12 09:02:37.044 ERROR 9700 --- [http-nio-8888-exec-3] o.a.catalina.core.AprLifecycleListener   : An incompatible version [1.1.29] of the APR based Apache Tomcat Native library is installed, while Tomcat requires version [1.2.14]
2018-12-12 09:02:37.044 ERROR 9700 --- [http-nio-8888-exec-5] o.a.catalina.core.AprLifecycleListener   : An incompatible version [1.1.29] of the APR based Apache Tomcat Native library is installed, while Tomcat requires version [1.2.14]
2018-12-12 09:02:37.045 ERROR 9700 --- [http-nio-8888-exec-2] o.a.catalina.core.AprLifecycleListener   : An incompatible version [1.1.29] of the APR based Apache Tomcat Native library is installed, while Tomcat requires version [1.2.14]
2018-12-12 09:02:39.348 ERROR 9700 --- [http-nio-8888-exec-10] cn.stylefeng.roses.core.util.FileUtil    : 文件未找到！C:\Users\gz\AppData\Local\Temp\5aaca485-ceea-4d30-888a-ca45ad59b2d2.png
2018-12-12 09:02:39.356 ERROR 9700 --- [http-nio-8888-exec-6] o.a.catalina.core.AprLifecycleListener   : An incompatible version [1.1.29] of the APR based Apache Tomcat Native library is installed, while Tomcat requires version [1.2.14]
2018-12-12 09:04:50.952 ERROR 9700 --- [http-nio-8888-exec-5] cn.stylefeng.roses.core.util.FileUtil    : 文件未找到！C:\Users\gz\AppData\Local\Temp\5aaca485-ceea-4d30-888a-ca45ad59b2d2.png
2018-12-12 09:08:17.501 ERROR 9700 --- [http-nio-8888-exec-8] cn.stylefeng.roses.core.util.FileUtil    : 文件未找到！C:\Users\gz\AppData\Local\Temp\5aaca485-ceea-4d30-888a-ca45ad59b2d2.png
2018-12-12 09:08:35.045 ERROR 9700 --- [http-nio-8888-exec-6] cn.stylefeng.roses.core.util.FileUtil    : 文件未找到！C:\Users\gz\AppData\Local\Temp\5aaca485-ceea-4d30-888a-ca45ad59b2d2.png
2018-12-12 09:10:05.459 ERROR 9700 --- [http-nio-8888-exec-4] cn.stylefeng.roses.core.util.FileUtil    : 文件未找到！C:\Users\gz\AppData\Local\Temp\5aaca485-ceea-4d30-888a-ca45ad59b2d2.png
2018-12-12 09:11:28.348 ERROR 9700 --- [http-nio-8888-exec-8] cn.stylefeng.roses.core.util.FileUtil    : 文件未找到！C:\Users\gz\AppData\Local\Temp\5aaca485-ceea-4d30-888a-ca45ad59b2d2.png
2018-12-12 09:12:34.111 ERROR 9700 --- [http-nio-8888-exec-2] cn.stylefeng.roses.core.util.FileUtil    : 文件未找到！C:\Users\gz\AppData\Local\Temp\5aaca485-ceea-4d30-888a-ca45ad59b2d2.png
2018-12-12 09:13:44.878 ERROR 9700 --- [http-nio-8888-exec-3] cn.stylefeng.roses.core.util.FileUtil    : 文件未找到！C:\Users\gz\AppData\Local\Temp\5aaca485-ceea-4d30-888a-ca45ad59b2d2.png
2018-12-12 09:14:23.968 ERROR 9700 --- [http-nio-8888-exec-6] cn.stylefeng.roses.core.util.FileUtil    : 文件未找到！C:\Users\gz\AppData\Local\Temp\5aaca485-ceea-4d30-888a-ca45ad59b2d2.png
2018-12-12 09:14:39.761 ERROR 9700 --- [http-nio-8888-exec-8] cn.stylefeng.roses.core.util.FileUtil    : 文件未找到！C:\Users\gz\AppData\Local\Temp\5aaca485-ceea-4d30-888a-ca45ad59b2d2.png
2018-12-12 09:17:27.699 ERROR 9700 --- [http-nio-8888-exec-9] cn.stylefeng.roses.core.util.FileUtil    : 文件未找到！C:\Users\gz\AppData\Local\Temp\5aaca485-ceea-4d30-888a-ca45ad59b2d2.png
2018-12-12 09:17:53.669 ERROR 9700 --- [http-nio-8888-exec-7] cn.stylefeng.roses.core.util.FileUtil    : 文件未找到！C:\Users\gz\AppData\Local\Temp\5aaca485-ceea-4d30-888a-ca45ad59b2d2.png
2018-12-12 09:20:57.206 ERROR 9700 --- [http-nio-8888-exec-4] cn.stylefeng.roses.core.util.FileUtil    : 文件未找到！C:\Users\gz\AppData\Local\Temp\5aaca485-ceea-4d30-888a-ca45ad59b2d2.png
2018-12-12 09:21:15.381 ERROR 9700 --- [http-nio-8888-exec-7] cn.stylefeng.roses.core.util.FileUtil    : 文件未找到！C:\Users\gz\AppData\Local\Temp\5aaca485-ceea-4d30-888a-ca45ad59b2d2.png
2018-12-12 09:22:27.072 ERROR 9700 --- [http-nio-8888-exec-8] cn.stylefeng.roses.core.util.FileUtil    : 文件未找到！C:\Users\gz\AppData\Local\Temp\5aaca485-ceea-4d30-888a-ca45ad59b2d2.png
2018-12-12 09:23:02.709 ERROR 9700 --- [http-nio-8888-exec-2] cn.stylefeng.roses.core.util.FileUtil    : 文件未找到！C:\Users\gz\AppData\Local\Temp\5aaca485-ceea-4d30-888a-ca45ad59b2d2.png
2018-12-12 11:22:05.082 ERROR 6140 --- [restartedMain] o.a.catalina.core.AprLifecycleListener   : An incompatible version [1.1.29] of the APR based Apache Tomcat Native library is installed, while Tomcat requires version [1.2.14]
2018-12-12 11:22:05.289 ERROR 6140 --- [restartedMain] o.a.catalina.core.AprLifecycleListener   : An incompatible version [1.1.29] of the APR based Apache Tomcat Native library is installed, while Tomcat requires version [1.2.14]
2018-12-12 11:22:05.317 ERROR 6140 --- [localhost-startStop-1] o.a.catalina.core.AprLifecycleListener   : An incompatible version [1.1.29] of the APR based Apache Tomcat Native library is installed, while Tomcat requires version [1.2.14]
2018-12-12 14:53:35.798 ERROR 14816 --- [restartedMain] o.a.catalina.core.AprLifecycleListener   : An incompatible version [1.1.29] of the APR based Apache Tomcat Native library is installed, while Tomcat requires version [1.2.14]
2018-12-12 14:53:36.008 ERROR 14816 --- [restartedMain] o.a.catalina.core.AprLifecycleListener   : An incompatible version [1.1.29] of the APR based Apache Tomcat Native library is installed, while Tomcat requires version [1.2.14]
2018-12-12 14:53:36.033 ERROR 14816 --- [localhost-startStop-1] o.a.catalina.core.AprLifecycleListener   : An incompatible version [1.1.29] of the APR based Apache Tomcat Native library is installed, while Tomcat requires version [1.2.14]
2018-12-12 14:54:27.708 ERROR 14816 --- [http-nio-8888-exec-2] o.a.catalina.core.AprLifecycleListener   : An incompatible version [1.1.29] of the APR based Apache Tomcat Native library is installed, while Tomcat requires version [1.2.14]
2018-12-12 14:54:28.337 ERROR 14816 --- [http-nio-8888-exec-4] o.a.catalina.core.AprLifecycleListener   : An incompatible version [1.1.29] of the APR based Apache Tomcat Native library is installed, while Tomcat requires version [1.2.14]
2018-12-12 14:54:28.338 ERROR 14816 --- [http-nio-8888-exec-8] o.a.catalina.core.AprLifecycleListener   : An incompatible version [1.1.29] of the APR based Apache Tomcat Native library is installed, while Tomcat requires version [1.2.14]
2018-12-12 14:54:28.341 ERROR 14816 --- [http-nio-8888-exec-6] o.a.catalina.core.AprLifecycleListener   : An incompatible version [1.1.29] of the APR based Apache Tomcat Native library is installed, while Tomcat requires version [1.2.14]
2018-12-12 14:54:28.344 ERROR 14816 --- [http-nio-8888-exec-5] o.a.catalina.core.AprLifecycleListener   : An incompatible version [1.1.29] of the APR based Apache Tomcat Native library is installed, while Tomcat requires version [1.2.14]
2018-12-12 14:54:30.657 ERROR 14816 --- [http-nio-8888-exec-4] o.a.catalina.core.AprLifecycleListener   : An incompatible version [1.1.29] of the APR based Apache Tomcat Native library is installed, while Tomcat requires version [1.2.14]
2018-12-12 14:54:30.675 ERROR 14816 --- [http-nio-8888-exec-8] cn.stylefeng.roses.core.util.FileUtil    : 文件未找到！C:\Users\gz\AppData\Local\Temp\5aaca485-ceea-4d30-888a-ca45ad59b2d2.png
2018-12-12 14:56:11.121 ERROR 14816 --- [http-nio-8888-exec-3] cn.stylefeng.roses.core.util.FileUtil    : 文件未找到！C:\Users\gz\AppData\Local\Temp\5aaca485-ceea-4d30-888a-ca45ad59b2d2.png
2018-12-12 14:56:51.590 ERROR 14816 --- [http-nio-8888-exec-9] cn.stylefeng.roses.core.util.FileUtil    : 文件未找到！C:\Users\gz\AppData\Local\Temp\5aaca485-ceea-4d30-888a-ca45ad59b2d2.png
2018-12-12 14:57:59.874 ERROR 14816 --- [http-nio-8888-exec-6] cn.stylefeng.roses.core.util.FileUtil    : 文件未找到！C:\Users\gz\AppData\Local\Temp\5aaca485-ceea-4d30-888a-ca45ad59b2d2.png
2018-12-12 15:04:16.232 ERROR 14816 --- [http-nio-8888-exec-8] cn.stylefeng.roses.core.util.FileUtil    : 文件未找到！C:\Users\gz\AppData\Local\Temp\5aaca485-ceea-4d30-888a-ca45ad59b2d2.png
2018-12-12 15:05:00.248 ERROR 14816 --- [http-nio-8888-exec-4] cn.stylefeng.roses.core.util.FileUtil    : 文件未找到！C:\Users\gz\AppData\Local\Temp\5aaca485-ceea-4d30-888a-ca45ad59b2d2.png
2018-12-12 15:05:30.146 ERROR 14816 --- [http-nio-8888-exec-4] cn.stylefeng.roses.core.util.FileUtil    : 文件未找到！C:\Users\gz\AppData\Local\Temp\5aaca485-ceea-4d30-888a-ca45ad59b2d2.png
2018-12-12 15:05:44.831 ERROR 14816 --- [http-nio-8888-exec-10] cn.stylefeng.roses.core.util.FileUtil    : 文件未找到！C:\Users\gz\AppData\Local\Temp\5aaca485-ceea-4d30-888a-ca45ad59b2d2.png
2018-12-12 15:07:10.046 ERROR 14816 --- [http-nio-8888-exec-7] cn.stylefeng.roses.core.util.FileUtil    : 文件未找到！C:\Users\gz\AppData\Local\Temp\5aaca485-ceea-4d30-888a-ca45ad59b2d2.png
2018-12-12 15:07:39.604 ERROR 14816 --- [http-nio-8888-exec-3] cn.stylefeng.roses.core.util.FileUtil    : 文件未找到！C:\Users\gz\AppData\Local\Temp\5aaca485-ceea-4d30-888a-ca45ad59b2d2.png
2018-12-12 15:08:45.649 ERROR 14816 --- [http-nio-8888-exec-3] cn.stylefeng.roses.core.util.FileUtil    : 文件未找到！C:\Users\gz\AppData\Local\Temp\5aaca485-ceea-4d30-888a-ca45ad59b2d2.png
2018-12-12 15:09:10.720 ERROR 14816 --- [http-nio-8888-exec-6] cn.stylefeng.roses.core.util.FileUtil    : 文件未找到！C:\Users\gz\AppData\Local\Temp\5aaca485-ceea-4d30-888a-ca45ad59b2d2.png
2018-12-12 15:09:43.310 ERROR 14816 --- [http-nio-8888-exec-4] cn.stylefeng.roses.core.util.FileUtil    : 文件未找到！C:\Users\gz\AppData\Local\Temp\5aaca485-ceea-4d30-888a-ca45ad59b2d2.png
2018-12-12 15:10:23.813 ERROR 14816 --- [http-nio-8888-exec-3] cn.stylefeng.roses.core.util.FileUtil    : 文件未找到！C:\Users\gz\AppData\Local\Temp\5aaca485-ceea-4d30-888a-ca45ad59b2d2.png
2018-12-12 15:11:13.020 ERROR 14816 --- [http-nio-8888-exec-9] cn.stylefeng.roses.core.util.FileUtil    : 文件未找到！C:\Users\gz\AppData\Local\Temp\5aaca485-ceea-4d30-888a-ca45ad59b2d2.png
2018-12-12 15:11:46.108 ERROR 14816 --- [http-nio-8888-exec-8] cn.stylefeng.roses.core.util.FileUtil    : 文件未找到！C:\Users\gz\AppData\Local\Temp\5aaca485-ceea-4d30-888a-ca45ad59b2d2.png
2018-12-12 15:12:20.443 ERROR 14816 --- [http-nio-8888-exec-9] cn.stylefeng.roses.core.util.FileUtil    : 文件未找到！C:\Users\gz\AppData\Local\Temp\5aaca485-ceea-4d30-888a-ca45ad59b2d2.png
2018-12-12 15:12:45.801 ERROR 14816 --- [http-nio-8888-exec-1] cn.stylefeng.roses.core.util.FileUtil    : 文件未找到！C:\Users\gz\AppData\Local\Temp\5aaca485-ceea-4d30-888a-ca45ad59b2d2.png
2018-12-12 15:13:16.251 ERROR 14816 --- [http-nio-8888-exec-10] cn.stylefeng.roses.core.util.FileUtil    : 文件未找到！C:\Users\gz\AppData\Local\Temp\5aaca485-ceea-4d30-888a-ca45ad59b2d2.png
2018-12-12 15:13:32.615 ERROR 14816 --- [http-nio-8888-exec-2] cn.stylefeng.roses.core.util.FileUtil    : 文件未找到！C:\Users\gz\AppData\Local\Temp\5aaca485-ceea-4d30-888a-ca45ad59b2d2.png
2018-12-12 15:13:51.789 ERROR 14816 --- [http-nio-8888-exec-3] cn.stylefeng.roses.core.util.FileUtil    : 文件未找到！C:\Users\gz\AppData\Local\Temp\5aaca485-ceea-4d30-888a-ca45ad59b2d2.png
2018-12-12 15:14:18.651 ERROR 14816 --- [http-nio-8888-exec-8] cn.stylefeng.roses.core.util.FileUtil    : 文件未找到！C:\Users\gz\AppData\Local\Temp\5aaca485-ceea-4d30-888a-ca45ad59b2d2.png
2018-12-12 15:14:43.467 ERROR 14816 --- [http-nio-8888-exec-7] cn.stylefeng.roses.core.util.FileUtil    : 文件未找到！C:\Users\gz\AppData\Local\Temp\5aaca485-ceea-4d30-888a-ca45ad59b2d2.png
2018-12-12 15:15:11.839 ERROR 14816 --- [http-nio-8888-exec-10] cn.stylefeng.roses.core.util.FileUtil    : 文件未找到！C:\Users\gz\AppData\Local\Temp\5aaca485-ceea-4d30-888a-ca45ad59b2d2.png
2018-12-12 15:15:43.483 ERROR 14816 --- [http-nio-8888-exec-5] cn.stylefeng.roses.core.util.FileUtil    : 文件未找到！C:\Users\gz\AppData\Local\Temp\5aaca485-ceea-4d30-888a-ca45ad59b2d2.png
2018-12-12 15:17:14.789 ERROR 14816 --- [http-nio-8888-exec-9] cn.stylefeng.roses.core.util.FileUtil    : 文件未找到！C:\Users\gz\AppData\Local\Temp\5aaca485-ceea-4d30-888a-ca45ad59b2d2.png
2018-12-12 15:17:52.474 ERROR 14816 --- [http-nio-8888-exec-4] cn.stylefeng.roses.core.util.FileUtil    : 文件未找到！C:\Users\gz\AppData\Local\Temp\5aaca485-ceea-4d30-888a-ca45ad59b2d2.png
2018-12-12 16:56:39.516 ERROR 12700 --- [restartedMain] o.a.catalina.core.AprLifecycleListener   : An incompatible version [1.1.29] of the APR based Apache Tomcat Native library is installed, while Tomcat requires version [1.2.14]
2018-12-12 16:56:39.669 ERROR 12700 --- [restartedMain] o.a.catalina.core.AprLifecycleListener   : An incompatible version [1.1.29] of the APR based Apache Tomcat Native library is installed, while Tomcat requires version [1.2.14]
2018-12-12 16:56:39.682 ERROR 12700 --- [localhost-startStop-1] o.a.catalina.core.AprLifecycleListener   : An incompatible version [1.1.29] of the APR based Apache Tomcat Native library is installed, while Tomcat requires version [1.2.14]
2018-12-12 16:57:10.634 ERROR 12700 --- [http-nio-8888-exec-2] o.a.catalina.core.AprLifecycleListener   : An incompatible version [1.1.29] of the APR based Apache Tomcat Native library is installed, while Tomcat requires version [1.2.14]
2018-12-12 16:57:11.266 ERROR 12700 --- [http-nio-8888-exec-1] o.a.catalina.core.AprLifecycleListener   : An incompatible version [1.1.29] of the APR based Apache Tomcat Native library is installed, while Tomcat requires version [1.2.14]
2018-12-12 16:57:11.267 ERROR 12700 --- [http-nio-8888-exec-6] o.a.catalina.core.AprLifecycleListener   : An incompatible version [1.1.29] of the APR based Apache Tomcat Native library is installed, while Tomcat requires version [1.2.14]
2018-12-12 16:57:11.268 ERROR 12700 --- [http-nio-8888-exec-4] o.a.catalina.core.AprLifecycleListener   : An incompatible version [1.1.29] of the APR based Apache Tomcat Native library is installed, while Tomcat requires version [1.2.14]
2018-12-12 16:57:11.268 ERROR 12700 --- [http-nio-8888-exec-5] o.a.catalina.core.AprLifecycleListener   : An incompatible version [1.1.29] of the APR based Apache Tomcat Native library is installed, while Tomcat requires version [1.2.14]
2018-12-12 16:57:15.915 ERROR 12700 --- [http-nio-8888-exec-7] o.a.catalina.core.AprLifecycleListener   : An incompatible version [1.1.29] of the APR based Apache Tomcat Native library is installed, while Tomcat requires version [1.2.14]
2018-12-12 16:57:15.925 ERROR 12700 --- [http-nio-8888-exec-3] cn.stylefeng.roses.core.util.FileUtil    : 文件未找到！C:\Users\gz\AppData\Local\Temp\5aaca485-ceea-4d30-888a-ca45ad59b2d2.png
2018-12-12 16:59:10.545 ERROR 12700 --- [http-nio-8888-exec-5] cn.stylefeng.roses.core.util.FileUtil    : 文件未找到！C:\Users\gz\AppData\Local\Temp\5aaca485-ceea-4d30-888a-ca45ad59b2d2.png
2018-12-12 17:02:23.676 ERROR 12700 --- [http-nio-8888-exec-7] cn.stylefeng.roses.core.util.FileUtil    : 文件未找到！C:\Users\gz\AppData\Local\Temp\5aaca485-ceea-4d30-888a-ca45ad59b2d2.png
2018-12-12 17:04:08.649 ERROR 12700 --- [http-nio-8888-exec-4] cn.stylefeng.roses.core.util.FileUtil    : 文件未找到！C:\Users\gz\AppData\Local\Temp\5aaca485-ceea-4d30-888a-ca45ad59b2d2.png
2018-12-12 17:04:46.589 ERROR 7672 --- [restartedMain] o.a.catalina.core.AprLifecycleListener   : An incompatible version [1.1.29] of the APR based Apache Tomcat Native library is installed, while Tomcat requires version [1.2.14]
2018-12-12 17:04:46.739 ERROR 7672 --- [restartedMain] o.a.catalina.core.AprLifecycleListener   : An incompatible version [1.1.29] of the APR based Apache Tomcat Native library is installed, while Tomcat requires version [1.2.14]
2018-12-12 17:04:46.752 ERROR 7672 --- [localhost-startStop-1] o.a.catalina.core.AprLifecycleListener   : An incompatible version [1.1.29] of the APR based Apache Tomcat Native library is installed, while Tomcat requires version [1.2.14]
2018-12-12 17:04:59.596 ERROR 7672 --- [http-nio-8888-exec-1] o.a.catalina.core.AprLifecycleListener   : An incompatible version [1.1.29] of the APR based Apache Tomcat Native library is installed, while Tomcat requires version [1.2.14]
2018-12-12 17:05:00.024 ERROR 7672 --- [http-nio-8888-exec-2] o.a.catalina.core.AprLifecycleListener   : An incompatible version [1.1.29] of the APR based Apache Tomcat Native library is installed, while Tomcat requires version [1.2.14]
2018-12-12 17:05:00.025 ERROR 7672 --- [http-nio-8888-exec-5] o.a.catalina.core.AprLifecycleListener   : An incompatible version [1.1.29] of the APR based Apache Tomcat Native library is installed, while Tomcat requires version [1.2.14]
2018-12-12 17:05:00.026 ERROR 7672 --- [http-nio-8888-exec-4] o.a.catalina.core.AprLifecycleListener   : An incompatible version [1.1.29] of the APR based Apache Tomcat Native library is installed, while Tomcat requires version [1.2.14]
2018-12-12 17:05:00.029 ERROR 7672 --- [http-nio-8888-exec-6] o.a.catalina.core.AprLifecycleListener   : An incompatible version [1.1.29] of the APR based Apache Tomcat Native library is installed, while Tomcat requires version [1.2.14]
2018-12-12 17:05:05.909 ERROR 7672 --- [http-nio-8888-exec-6] o.a.catalina.core.AprLifecycleListener   : An incompatible version [1.1.29] of the APR based Apache Tomcat Native library is installed, while Tomcat requires version [1.2.14]
2018-12-12 17:05:05.946 ERROR 7672 --- [http-nio-8888-exec-6] cn.stylefeng.roses.core.util.FileUtil    : 文件未找到！C:\Users\gz\AppData\Local\Temp\5aaca485-ceea-4d30-888a-ca45ad59b2d2.png
2018-12-12 17:07:02.255 ERROR 7672 --- [http-nio-8888-exec-6] cn.stylefeng.roses.core.util.FileUtil    : 文件未找到！C:\Users\gz\AppData\Local\Temp\5aaca485-ceea-4d30-888a-ca45ad59b2d2.png
2018-12-12 17:09:33.990 ERROR 7672 --- [http-nio-8888-exec-2] cn.stylefeng.roses.core.util.FileUtil    : 文件未找到！C:\Users\gz\AppData\Local\Temp\5aaca485-ceea-4d30-888a-ca45ad59b2d2.png
2018-12-12 17:10:14.126 ERROR 7672 --- [http-nio-8888-exec-7] cn.stylefeng.roses.core.util.FileUtil    : 文件未找到！C:\Users\gz\AppData\Local\Temp\5aaca485-ceea-4d30-888a-ca45ad59b2d2.png
2018-12-12 17:11:52.968 ERROR 3972 --- [restartedMain] o.a.catalina.core.AprLifecycleListener   : An incompatible version [1.1.29] of the APR based Apache Tomcat Native library is installed, while Tomcat requires version [1.2.14]
2018-12-12 17:11:53.120 ERROR 3972 --- [restartedMain] o.a.catalina.core.AprLifecycleListener   : An incompatible version [1.1.29] of the APR based Apache Tomcat Native library is installed, while Tomcat requires version [1.2.14]
2018-12-12 17:11:53.132 ERROR 3972 --- [localhost-startStop-1] o.a.catalina.core.AprLifecycleListener   : An incompatible version [1.1.29] of the APR based Apache Tomcat Native library is installed, while Tomcat requires version [1.2.14]
2018-12-12 17:12:02.897 ERROR 3972 --- [http-nio-8888-exec-2] o.a.catalina.core.AprLifecycleListener   : An incompatible version [1.1.29] of the APR based Apache Tomcat Native library is installed, while Tomcat requires version [1.2.14]
2018-12-12 17:12:03.583 ERROR 3972 --- [http-nio-8888-exec-3] o.a.catalina.core.AprLifecycleListener   : An incompatible version [1.1.29] of the APR based Apache Tomcat Native library is installed, while Tomcat requires version [1.2.14]
2018-12-12 17:12:08.163 ERROR 3972 --- [http-nio-8888-exec-4] o.a.catalina.core.AprLifecycleListener   : An incompatible version [1.1.29] of the APR based Apache Tomcat Native library is installed, while Tomcat requires version [1.2.14]
2018-12-12 17:12:08.166 ERROR 3972 --- [http-nio-8888-exec-5] o.a.catalina.core.AprLifecycleListener   : An incompatible version [1.1.29] of the APR based Apache Tomcat Native library is installed, while Tomcat requires version [1.2.14]
2018-12-12 17:12:08.168 ERROR 3972 --- [http-nio-8888-exec-1] o.a.catalina.core.AprLifecycleListener   : An incompatible version [1.1.29] of the APR based Apache Tomcat Native library is installed, while Tomcat requires version [1.2.14]
2018-12-12 17:12:08.171 ERROR 3972 --- [http-nio-8888-exec-6] o.a.catalina.core.AprLifecycleListener   : An incompatible version [1.1.29] of the APR based Apache Tomcat Native library is installed, while Tomcat requires version [1.2.14]
2018-12-12 17:12:08.195 ERROR 3972 --- [http-nio-8888-exec-5] cn.stylefeng.roses.core.util.FileUtil    : 文件未找到！C:\Users\gz\AppData\Local\Temp\5aaca485-ceea-4d30-888a-ca45ad59b2d2.png
2018-12-12 17:12:08.499 ERROR 3972 --- [http-nio-8888-exec-8] cn.stylefeng.roses.core.util.FileUtil    : 文件未找到！C:\Users\gz\AppData\Local\Temp\5aaca485-ceea-4d30-888a-ca45ad59b2d2.png
2018-12-12 17:12:57.044 ERROR 3972 --- [http-nio-8888-exec-8] cn.stylefeng.roses.core.util.FileUtil    : 文件未找到！C:\Users\gz\AppData\Local\Temp\5aaca485-ceea-4d30-888a-ca45ad59b2d2.png
